ARM GAS  /tmp/cc967xN5.s 			page 1


   1              		.cpu cortex-m3
   2              		.eabi_attribute 20, 1
   3              		.eabi_attribute 21, 1
   4              		.eabi_attribute 23, 3
   5              		.eabi_attribute 24, 1
   6              		.eabi_attribute 25, 1
   7              		.eabi_attribute 26, 1
   8              		.eabi_attribute 30, 4
   9              		.eabi_attribute 34, 1
  10              		.eabi_attribute 18, 4
  11              		.file	"gpio.c"
  12              		.text
  13              		.section	.text.LL_APB2_GRP1_EnableClock,"ax",%progbits
  14              		.align	1
  15              		.arch armv7-m
  16              		.syntax unified
  17              		.thumb
  18              		.thumb_func
  19              		.fpu softvfp
  21              	LL_APB2_GRP1_EnableClock:
  22              		@ args = 0, pretend = 0, frame = 8
  23              		@ frame_needed = 0, uses_anonymous_args = 0
  24              		@ link register save eliminated.
  25 0000 054B     		ldr	r3, .L2
  26 0002 82B0     		sub	sp, sp, #8
  27 0004 9A69     		ldr	r2, [r3, #24]
  28 0006 0243     		orrs	r2, r2, r0
  29 0008 9A61     		str	r2, [r3, #24]
  30 000a 9B69     		ldr	r3, [r3, #24]
  31 000c 1840     		ands	r0, r0, r3
  32 000e 0190     		str	r0, [sp, #4]
  33 0010 019B     		ldr	r3, [sp, #4]
  34 0012 02B0     		add	sp, sp, #8
  35              		@ sp needed
  36 0014 7047     		bx	lr
  37              	.L3:
  38 0016 00BF     		.align	2
  39              	.L2:
  40 0018 00100240 		.word	1073876992
  42              		.section	.text.gpio_pin_code,"ax",%progbits
  43              		.align	1
  44              		.global	gpio_pin_code
  45              		.syntax unified
  46              		.thumb
  47              		.thumb_func
  48              		.fpu softvfp
  50              	gpio_pin_code:
  51              		@ args = 0, pretend = 0, frame = 0
  52              		@ frame_needed = 0, uses_anonymous_args = 0
  53              		@ link register save eliminated.
  54 0000 0F28     		cmp	r0, #15
  55 0002 9ABF     		itte	ls
  56 0004 024B     		ldrls	r3, .L7
  57 0006 53F82000 		ldrls	r0, [r3, r0, lsl #2]
  58 000a 0020     		movhi	r0, #0
  59 000c 7047     		bx	lr
  60              	.L8:
ARM GAS  /tmp/cc967xN5.s 			page 2


  61 000e 00BF     		.align	2
  62              	.L7:
  63 0010 00000000 		.word	.LANCHOR0
  65              		.section	.text.gpio_pin_init,"ax",%progbits
  66              		.align	1
  67              		.global	gpio_pin_init
  68              		.syntax unified
  69              		.thumb
  70              		.thumb_func
  71              		.fpu softvfp
  73              	gpio_pin_init:
  74              		@ args = 0, pretend = 0, frame = 24
  75              		@ frame_needed = 0, uses_anonymous_args = 0
  76 0000 70B5     		push	{r4, r5, r6, lr}
  77 0002 0D46     		mov	r5, r1
  78 0004 86B0     		sub	sp, sp, #24
  79 0006 0646     		mov	r6, r0
  80 0008 1446     		mov	r4, r2
  81 000a 0021     		movs	r1, #0
  82 000c 1422     		movs	r2, #20
  83 000e 01A8     		add	r0, sp, #4
  84 0010 FFF7FEFF 		bl	memset
  85 0014 0F2D     		cmp	r5, #15
  86 0016 10D8     		bhi	.L9
  87 0018 094B     		ldr	r3, .L15
  88 001a 082C     		cmp	r4, #8
  89 001c 53F82530 		ldr	r3, [r3, r5, lsl #2]
  90 0020 0193     		str	r3, [sp, #4]
  91 0022 4FF00203 		mov	r3, #2
  92 0026 0393     		str	r3, [sp, #12]
  93 0028 05D1     		bne	.L11
  94              	.L14:
  95 002a 3046     		mov	r0, r6
  96 002c 01A9     		add	r1, sp, #4
  97 002e 0294     		str	r4, [sp, #8]
  98 0030 FFF7FEFF 		bl	LL_GPIO_Init
  99 0034 01E0     		b	.L9
 100              	.L11:
 101 0036 012C     		cmp	r4, #1
 102 0038 F7D0     		beq	.L14
 103              	.L9:
 104 003a 06B0     		add	sp, sp, #24
 105              		@ sp needed
 106 003c 70BD     		pop	{r4, r5, r6, pc}
 107              	.L16:
 108 003e 00BF     		.align	2
 109              	.L15:
 110 0040 00000000 		.word	.LANCHOR0
 112              		.section	.text.gpio_init,"ax",%progbits
 113              		.align	1
 114              		.global	gpio_init
 115              		.syntax unified
 116              		.thumb
 117              		.thumb_func
 118              		.fpu softvfp
 120              	gpio_init:
 121              		@ args = 0, pretend = 0, frame = 0
ARM GAS  /tmp/cc967xN5.s 			page 3


 122              		@ frame_needed = 0, uses_anonymous_args = 0
 123 0000 08B5     		push	{r3, lr}
 124 0002 0420     		movs	r0, #4
 125 0004 FFF7FEFF 		bl	LL_APB2_GRP1_EnableClock
 126 0008 0820     		movs	r0, #8
 127 000a FFF7FEFF 		bl	LL_APB2_GRP1_EnableClock
 128 000e 1020     		movs	r0, #16
 129 0010 FFF7FEFF 		bl	LL_APB2_GRP1_EnableClock
 130 0014 2020     		movs	r0, #32
 131 0016 FFF7FEFF 		bl	LL_APB2_GRP1_EnableClock
 132 001a BDE80840 		pop	{r3, lr}
 133 001e 4020     		movs	r0, #64
 134 0020 FFF7FEBF 		b	LL_APB2_GRP1_EnableClock
 136              		.global	gpio_ll_map
 137              		.section	.rodata.gpio_ll_map,"a"
 138              		.align	2
 139              		.set	.LANCHOR0,. + 0
 142              	gpio_ll_map:
 143 0000 01010000 		.word	257
 144 0004 02020000 		.word	514
 145 0008 04040000 		.word	1028
 146 000c 08080000 		.word	2056
 147 0010 10100000 		.word	4112
 148 0014 20200000 		.word	8224
 149 0018 40400000 		.word	16448
 150 001c 80800000 		.word	32896
 151 0020 01000104 		.word	67174401
 152 0024 02000204 		.word	67239938
 153 0028 04000404 		.word	67371012
 154 002c 08000804 		.word	67633160
 155 0030 10001004 		.word	68157456
 156 0034 20002004 		.word	69206048
 157 0038 40004004 		.word	71303232
 158 003c 80008004 		.word	75497600
 159              		.ident	"GCC: (15:10.3-2021.07-4) 10.3.1 20210621 (release)"
ARM GAS  /tmp/cc967xN5.s 			page 4


DEFINED SYMBOLS
                            *ABS*:0000000000000000 gpio.c
     /tmp/cc967xN5.s:14     .text.LL_APB2_GRP1_EnableClock:0000000000000000 $t
     /tmp/cc967xN5.s:21     .text.LL_APB2_GRP1_EnableClock:0000000000000000 LL_APB2_GRP1_EnableClock
     /tmp/cc967xN5.s:40     .text.LL_APB2_GRP1_EnableClock:0000000000000018 $d
     /tmp/cc967xN5.s:43     .text.gpio_pin_code:0000000000000000 $t
     /tmp/cc967xN5.s:50     .text.gpio_pin_code:0000000000000000 gpio_pin_code
     /tmp/cc967xN5.s:63     .text.gpio_pin_code:0000000000000010 $d
     /tmp/cc967xN5.s:66     .text.gpio_pin_init:0000000000000000 $t
     /tmp/cc967xN5.s:73     .text.gpio_pin_init:0000000000000000 gpio_pin_init
     /tmp/cc967xN5.s:110    .text.gpio_pin_init:0000000000000040 $d
     /tmp/cc967xN5.s:113    .text.gpio_init:0000000000000000 $t
     /tmp/cc967xN5.s:120    .text.gpio_init:0000000000000000 gpio_init
     /tmp/cc967xN5.s:142    .rodata.gpio_ll_map:0000000000000000 gpio_ll_map
     /tmp/cc967xN5.s:138    .rodata.gpio_ll_map:0000000000000000 $d

UNDEFINED SYMBOLS
memset
LL_GPIO_Init
