ARM GAS  /tmp/ccPA6YKP.s 			page 1


   1              		.cpu cortex-m3
   2              		.eabi_attribute 20, 1
   3              		.eabi_attribute 21, 1
   4              		.eabi_attribute 23, 3
   5              		.eabi_attribute 24, 1
   6              		.eabi_attribute 25, 1
   7              		.eabi_attribute 26, 1
   8              		.eabi_attribute 30, 4
   9              		.eabi_attribute 34, 1
  10              		.eabi_attribute 18, 4
  11              		.file	"irq.c"
  12              		.text
  13              		.section	.text.irq_enable,"ax",%progbits
  14              		.align	1
  15              		.global	irq_enable
  16              		.arch armv7-m
  17              		.syntax unified
  18              		.thumb
  19              		.thumb_func
  20              		.fpu softvfp
  22              	irq_enable:
  23              		@ args = 0, pretend = 0, frame = 0
  24              		@ frame_needed = 0, uses_anonymous_args = 0
  25 0000 164B     		ldr	r3, .L6
  26 0002 30B5     		push	{r4, r5, lr}
  27 0004 DB68     		ldr	r3, [r3, #12]
  28 0006 C4B2     		uxtb	r4, r0
  29 0008 C3F30223 		ubfx	r3, r3, #8, #3
  30 000c C3F10705 		rsb	r5, r3, #7
  31 0010 1A1D     		adds	r2, r3, #4
  32 0012 042D     		cmp	r5, #4
  33 0014 28BF     		it	cs
  34 0016 0425     		movcs	r5, #4
  35 0018 062A     		cmp	r2, #6
  36 001a 88BF     		it	hi
  37 001c DA1E     		subhi	r2, r3, #3
  38 001e 4FF0FF33 		mov	r3, #-1
  39 0022 98BF     		it	ls
  40 0024 0022     		movls	r2, #0
  41 0026 AB40     		lsls	r3, r3, r5
  42 0028 21EA0303 		bic	r3, r1, r3
  43 002c 9340     		lsls	r3, r3, r2
  44 002e 1B01     		lsls	r3, r3, #4
  45 0030 0028     		cmp	r0, #0
  46 0032 DBB2     		uxtb	r3, r3
  47 0034 0CDB     		blt	.L3
  48 0036 0A4A     		ldr	r2, .L6+4
  49 0038 1118     		adds	r1, r2, r0
  50 003a 81F80033 		strb	r3, [r1, #768]
  51 003e 0123     		movs	r3, #1
  52 0040 04F01F04 		and	r4, r4, #31
  53 0044 4009     		lsrs	r0, r0, #5
  54 0046 03FA04F4 		lsl	r4, r3, r4
  55 004a 42F82040 		str	r4, [r2, r0, lsl #2]
  56              	.L1:
  57 004e 30BD     		pop	{r4, r5, pc}
  58              	.L3:
ARM GAS  /tmp/ccPA6YKP.s 			page 2


  59 0050 044A     		ldr	r2, .L6+8
  60 0052 04F00F04 		and	r4, r4, #15
  61 0056 1355     		strb	r3, [r2, r4]
  62 0058 F9E7     		b	.L1
  63              	.L7:
  64 005a 00BF     		.align	2
  65              	.L6:
  66 005c 00ED00E0 		.word	-536810240
  67 0060 00E100E0 		.word	-536813312
  68 0064 14ED00E0 		.word	-536810220
  70              		.ident	"GCC: (15:10.3-2021.07-4) 10.3.1 20210621 (release)"
ARM GAS  /tmp/ccPA6YKP.s 			page 3


DEFINED SYMBOLS
                            *ABS*:0000000000000000 irq.c
     /tmp/ccPA6YKP.s:14     .text.irq_enable:0000000000000000 $t
     /tmp/ccPA6YKP.s:22     .text.irq_enable:0000000000000000 irq_enable
     /tmp/ccPA6YKP.s:66     .text.irq_enable:000000000000005c $d

NO UNDEFINED SYMBOLS
