ARM GAS  /tmp/cchBkskn.s 			page 1


   1              		.cpu cortex-m3
   2              		.eabi_attribute 20, 1
   3              		.eabi_attribute 21, 1
   4              		.eabi_attribute 23, 3
   5              		.eabi_attribute 24, 1
   6              		.eabi_attribute 25, 1
   7              		.eabi_attribute 26, 1
   8              		.eabi_attribute 30, 4
   9              		.eabi_attribute 34, 1
  10              		.eabi_attribute 18, 4
  11              		.file	"led.c"
  12              		.text
  13              		.section	.text.led_init,"ax",%progbits
  14              		.align	1
  15              		.global	led_init
  16              		.arch armv7-m
  17              		.syntax unified
  18              		.thumb
  19              		.thumb_func
  20              		.fpu softvfp
  22              	led_init:
  23              		@ args = 0, pretend = 0, frame = 0
  24              		@ frame_needed = 0, uses_anonymous_args = 0
  25 0000 08B5     		push	{r3, lr}
  26 0002 1422     		movs	r2, #20
  27 0004 0021     		movs	r1, #0
  28 0006 FFF7FEFF 		bl	memset
  29 000a 0120     		movs	r0, #1
  30 000c 08BD     		pop	{r3, pc}
  32              		.section	.text.led_cyclic_sequence,"ax",%progbits
  33              		.align	1
  34              		.global	led_cyclic_sequence
  35              		.syntax unified
  36              		.thumb
  37              		.thumb_func
  38              		.fpu softvfp
  40              	led_cyclic_sequence:
  41              		@ args = 0, pretend = 0, frame = 0
  42              		@ frame_needed = 0, uses_anonymous_args = 0
  43 0000 10B5     		push	{r4, lr}
  44 0002 4468     		ldr	r4, [r0, #4]
  45 0004 8C42     		cmp	r4, r1
  46 0006 0DD0     		beq	.L2
  47 0008 14B1     		cbz	r4, .L4
  48 000a 447C     		ldrb	r4, [r0, #17]	@ zero_extendqisi2
  49 000c 9C42     		cmp	r4, r3
  50 000e 09D8     		bhi	.L2
  51              	.L4:
  52 0010 013A     		subs	r2, r2, #1
  53 0012 D2B2     		uxtb	r2, r2
  54 0014 1F2A     		cmp	r2, #31
  55 0016 28BF     		it	cs
  56 0018 1F22     		movcs	r2, #31
  57 001a 4374     		strb	r3, [r0, #17]
  58 001c 0023     		movs	r3, #0
  59 001e 8274     		strb	r2, [r0, #18]
  60 0020 4160     		str	r1, [r0, #4]
ARM GAS  /tmp/cchBkskn.s 			page 2


  61 0022 0374     		strb	r3, [r0, #16]
  62              	.L2:
  63 0024 10BD     		pop	{r4, pc}
  65              		.section	.text.led_instant_sequence,"ax",%progbits
  66              		.align	1
  67              		.global	led_instant_sequence
  68              		.syntax unified
  69              		.thumb
  70              		.thumb_func
  71              		.fpu softvfp
  73              	led_instant_sequence:
  74              		@ args = 0, pretend = 0, frame = 0
  75              		@ frame_needed = 0, uses_anonymous_args = 0
  76              		@ link register save eliminated.
  77 0000 013A     		subs	r2, r2, #1
  78 0002 D2B2     		uxtb	r2, r2
  79 0004 1F2A     		cmp	r2, #31
  80 0006 28BF     		it	cs
  81 0008 1F22     		movcs	r2, #31
  82 000a 0160     		str	r1, [r0]
  83 000c 0274     		strb	r2, [r0, #16]
  84 000e 7047     		bx	lr
  86              		.section	.text.led_tick,"ax",%progbits
  87              		.align	1
  88              		.global	led_tick
  89              		.syntax unified
  90              		.thumb
  91              		.thumb_func
  92              		.fpu softvfp
  94              	led_tick:
  95              		@ args = 0, pretend = 0, frame = 0
  96              		@ frame_needed = 0, uses_anonymous_args = 0
  97 0000 0368     		ldr	r3, [r0]
  98 0002 10B5     		push	{r4, lr}
  99 0004 DB07     		lsls	r3, r3, #31
 100 0006 4CBF     		ite	mi
 101 0008 8368     		ldrmi	r3, [r0, #8]
 102 000a C368     		ldrpl	r3, [r0, #12]
 103 000c 0446     		mov	r4, r0
 104 000e 03B1     		cbz	r3, .L11
 105 0010 9847     		blx	r3
 106              	.L11:
 107 0012 2368     		ldr	r3, [r4]
 108 0014 5B08     		lsrs	r3, r3, #1
 109 0016 2360     		str	r3, [r4]
 110 0018 237C     		ldrb	r3, [r4, #16]	@ zero_extendqisi2
 111 001a 13B1     		cbz	r3, .L12
 112 001c 013B     		subs	r3, r3, #1
 113 001e 2374     		strb	r3, [r4, #16]
 114              	.L9:
 115 0020 10BD     		pop	{r4, pc}
 116              	.L12:
 117 0022 A37C     		ldrb	r3, [r4, #18]	@ zero_extendqisi2
 118 0024 2374     		strb	r3, [r4, #16]
 119 0026 6368     		ldr	r3, [r4, #4]
 120 0028 2360     		str	r3, [r4]
 121 002a F9E7     		b	.L9
ARM GAS  /tmp/cchBkskn.s 			page 3


 123              		.ident	"GCC: (15:10.3-2021.07-4) 10.3.1 20210621 (release)"
ARM GAS  /tmp/cchBkskn.s 			page 4


DEFINED SYMBOLS
                            *ABS*:0000000000000000 led.c
     /tmp/cchBkskn.s:14     .text.led_init:0000000000000000 $t
     /tmp/cchBkskn.s:22     .text.led_init:0000000000000000 led_init
     /tmp/cchBkskn.s:33     .text.led_cyclic_sequence:0000000000000000 $t
     /tmp/cchBkskn.s:40     .text.led_cyclic_sequence:0000000000000000 led_cyclic_sequence
     /tmp/cchBkskn.s:66     .text.led_instant_sequence:0000000000000000 $t
     /tmp/cchBkskn.s:73     .text.led_instant_sequence:0000000000000000 led_instant_sequence
     /tmp/cchBkskn.s:87     .text.led_tick:0000000000000000 $t
     /tmp/cchBkskn.s:94     .text.led_tick:0000000000000000 led_tick

UNDEFINED SYMBOLS
memset
