ARM GAS  /tmp/cckbRhaR.s 			page 1


   1              		.cpu cortex-m3
   2              		.eabi_attribute 20, 1
   3              		.eabi_attribute 21, 1
   4              		.eabi_attribute 23, 3
   5              		.eabi_attribute 24, 1
   6              		.eabi_attribute 25, 1
   7              		.eabi_attribute 26, 1
   8              		.eabi_attribute 30, 4
   9              		.eabi_attribute 34, 1
  10              		.eabi_attribute 18, 4
  11              		.file	"reset.c"
  12              		.text
  13              		.section	.text.reset_get_type,"ax",%progbits
  14              		.align	1
  15              		.global	reset_get_type
  16              		.arch armv7-m
  17              		.syntax unified
  18              		.thumb
  19              		.thumb_func
  20              		.fpu softvfp
  22              	reset_get_type:
  23              		@ args = 0, pretend = 0, frame = 0
  24              		@ frame_needed = 0, uses_anonymous_args = 0
  25              		@ link register save eliminated.
  26 0000 094A     		ldr	r2, .L6
  27 0002 0A4B     		ldr	r3, .L6+4
  28 0004 5B6A     		ldr	r3, [r3, #36]
  29 0006 9168     		ldr	r1, [r2, #8]
  30 0008 4BF29802 		movw	r2, #45208
  31 000c 9142     		cmp	r1, r2
  32 000e 07D0     		beq	.L3
  33 0010 13F0C04F 		tst	r3, #1610612736
  34 0014 06D1     		bne	.L4
  35 0016 002B     		cmp	r3, #0
  36 0018 ACBF     		ite	ge
  37 001a 0020     		movge	r0, #0
  38 001c 0320     		movlt	r0, #3
  39 001e 7047     		bx	lr
  40              	.L3:
  41 0020 0120     		movs	r0, #1
  42 0022 7047     		bx	lr
  43              	.L4:
  44 0024 0220     		movs	r0, #2
  45 0026 7047     		bx	lr
  46              	.L7:
  47              		.align	2
  48              	.L6:
  49 0028 006C0040 		.word	1073769472
  50 002c 00100240 		.word	1073876992
  52              		.section	.text.reset_clear,"ax",%progbits
  53              		.align	1
  54              		.global	reset_clear
  55              		.syntax unified
  56              		.thumb
  57              		.thumb_func
  58              		.fpu softvfp
  60              	reset_clear:
ARM GAS  /tmp/cckbRhaR.s 			page 2


  61              		@ args = 0, pretend = 0, frame = 0
  62              		@ frame_needed = 0, uses_anonymous_args = 0
  63              		@ link register save eliminated.
  64 0000 064B     		ldr	r3, .L9
  65 0002 5A6A     		ldr	r2, [r3, #36]
  66 0004 42F08072 		orr	r2, r2, #16777216
  67 0008 5A62     		str	r2, [r3, #36]
  68 000a DA69     		ldr	r2, [r3, #28]
  69 000c 42F00062 		orr	r2, r2, #134217728
  70 0010 DA61     		str	r2, [r3, #28]
  71 0012 0022     		movs	r2, #0
  72 0014 A3F5D233 		sub	r3, r3, #107520
  73 0018 9A60     		str	r2, [r3, #8]
  74 001a 7047     		bx	lr
  75              	.L10:
  76              		.align	2
  77              	.L9:
  78 001c 00100240 		.word	1073876992
  80              		.ident	"GCC: (15:10.3-2021.07-4) 10.3.1 20210621 (release)"
ARM GAS  /tmp/cckbRhaR.s 			page 3


DEFINED SYMBOLS
                            *ABS*:0000000000000000 reset.c
     /tmp/cckbRhaR.s:14     .text.reset_get_type:0000000000000000 $t
     /tmp/cckbRhaR.s:22     .text.reset_get_type:0000000000000000 reset_get_type
     /tmp/cckbRhaR.s:49     .text.reset_get_type:0000000000000028 $d
     /tmp/cckbRhaR.s:53     .text.reset_clear:0000000000000000 $t
     /tmp/cckbRhaR.s:60     .text.reset_clear:0000000000000000 reset_clear
     /tmp/cckbRhaR.s:78     .text.reset_clear:000000000000001c $d

NO UNDEFINED SYMBOLS
