ARM GAS  /tmp/cceCpYBS.s 			page 1


   1              		.cpu cortex-m3
   2              		.eabi_attribute 20, 1
   3              		.eabi_attribute 21, 1
   4              		.eabi_attribute 23, 3
   5              		.eabi_attribute 24, 1
   6              		.eabi_attribute 25, 1
   7              		.eabi_attribute 26, 1
   8              		.eabi_attribute 30, 4
   9              		.eabi_attribute 34, 1
  10              		.eabi_attribute 18, 4
  11              		.file	"stm32f1xx_ll_rtc.c"
  12              		.text
  13              		.section	.text.LL_RTC_StructInit,"ax",%progbits
  14              		.align	1
  15              		.global	LL_RTC_StructInit
  16              		.arch armv7-m
  17              		.syntax unified
  18              		.thumb
  19              		.thumb_func
  20              		.fpu softvfp
  22              	LL_RTC_StructInit:
  23              		@ args = 0, pretend = 0, frame = 0
  24              		@ frame_needed = 0, uses_anonymous_args = 0
  25              		@ link register save eliminated.
  26 0000 47F6FF72 		movw	r2, #32767
  27 0004 0023     		movs	r3, #0
  28 0006 C0E90023 		strd	r2, r3, [r0]
  29 000a 7047     		bx	lr
  31              		.section	.text.LL_RTC_TIME_StructInit,"ax",%progbits
  32              		.align	1
  33              		.global	LL_RTC_TIME_StructInit
  34              		.syntax unified
  35              		.thumb
  36              		.thumb_func
  37              		.fpu softvfp
  39              	LL_RTC_TIME_StructInit:
  40              		@ args = 0, pretend = 0, frame = 0
  41              		@ frame_needed = 0, uses_anonymous_args = 0
  42              		@ link register save eliminated.
  43 0000 0023     		movs	r3, #0
  44 0002 0370     		strb	r3, [r0]
  45 0004 4370     		strb	r3, [r0, #1]
  46 0006 8370     		strb	r3, [r0, #2]
  47 0008 7047     		bx	lr
  49              		.section	.text.LL_RTC_ALARM_StructInit,"ax",%progbits
  50              		.align	1
  51              		.global	LL_RTC_ALARM_StructInit
  52              		.syntax unified
  53              		.thumb
  54              		.thumb_func
  55              		.fpu softvfp
  57              	LL_RTC_ALARM_StructInit:
  58              		@ args = 0, pretend = 0, frame = 0
  59              		@ frame_needed = 0, uses_anonymous_args = 0
  60              		@ link register save eliminated.
  61 0000 0023     		movs	r3, #0
  62 0002 0370     		strb	r3, [r0]
ARM GAS  /tmp/cceCpYBS.s 			page 2


  63 0004 4370     		strb	r3, [r0, #1]
  64 0006 8370     		strb	r3, [r0, #2]
  65 0008 7047     		bx	lr
  67              		.section	.text.LL_RTC_EnterInitMode,"ax",%progbits
  68              		.align	1
  69              		.global	LL_RTC_EnterInitMode
  70              		.syntax unified
  71              		.thumb
  72              		.thumb_func
  73              		.fpu softvfp
  75              	LL_RTC_EnterInitMode:
  76              		@ args = 0, pretend = 0, frame = 8
  77              		@ frame_needed = 0, uses_anonymous_args = 0
  78 0000 4FF47A72 		mov	r2, #1000
  79 0004 13B5     		push	{r0, r1, r4, lr}
  80 0006 0192     		str	r2, [sp, #4]
  81 0008 4268     		ldr	r2, [r0, #4]
  82 000a 0346     		mov	r3, r0
  83 000c 4FF0E021 		mov	r1, #-536813568
  84 0010 0020     		movs	r0, #0
  85 0012 C2F34012 		ubfx	r2, r2, #5, #1
  86              	.L5:
  87 0016 019C     		ldr	r4, [sp, #4]
  88 0018 04B1     		cbz	r4, .L10
  89 001a 2AB1     		cbz	r2, .L9
  90              	.L10:
  91 001c 5A68     		ldr	r2, [r3, #4]
  92 001e 42F01002 		orr	r2, r2, #16
  93 0022 5A60     		str	r2, [r3, #4]
  94 0024 02B0     		add	sp, sp, #8
  95              		@ sp needed
  96 0026 10BD     		pop	{r4, pc}
  97              	.L9:
  98 0028 0A69     		ldr	r2, [r1, #16]
  99 002a D203     		lsls	r2, r2, #15
 100 002c 42BF     		ittt	mi
 101 002e 019A     		ldrmi	r2, [sp, #4]
 102 0030 02F1FF32 		addmi	r2, r2, #-1
 103 0034 0192     		strmi	r2, [sp, #4]
 104 0036 5A68     		ldr	r2, [r3, #4]
 105 0038 019C     		ldr	r4, [sp, #4]
 106 003a C2F34012 		ubfx	r2, r2, #5, #1
 107 003e 002C     		cmp	r4, #0
 108 0040 08BF     		it	eq
 109 0042 0120     		moveq	r0, #1
 110 0044 E7E7     		b	.L5
 112              		.section	.text.LL_RTC_ExitInitMode,"ax",%progbits
 113              		.align	1
 114              		.global	LL_RTC_ExitInitMode
 115              		.syntax unified
 116              		.thumb
 117              		.thumb_func
 118              		.fpu softvfp
 120              	LL_RTC_ExitInitMode:
 121              		@ args = 0, pretend = 0, frame = 8
 122              		@ frame_needed = 0, uses_anonymous_args = 0
 123 0000 4FF47A73 		mov	r3, #1000
ARM GAS  /tmp/cceCpYBS.s 			page 3


 124 0004 13B5     		push	{r0, r1, r4, lr}
 125 0006 0193     		str	r3, [sp, #4]
 126 0008 4368     		ldr	r3, [r0, #4]
 127 000a 0246     		mov	r2, r0
 128 000c 23F01003 		bic	r3, r3, #16
 129 0010 4360     		str	r3, [r0, #4]
 130 0012 4368     		ldr	r3, [r0, #4]
 131 0014 4FF0E021 		mov	r1, #-536813568
 132 0018 0020     		movs	r0, #0
 133 001a C3F34013 		ubfx	r3, r3, #5, #1
 134              	.L16:
 135 001e 019C     		ldr	r4, [sp, #4]
 136 0020 04B1     		cbz	r4, .L25
 137 0022 0BB1     		cbz	r3, .L20
 138              	.L25:
 139 0024 02B0     		add	sp, sp, #8
 140              		@ sp needed
 141 0026 10BD     		pop	{r4, pc}
 142              	.L20:
 143 0028 0B69     		ldr	r3, [r1, #16]
 144 002a DB03     		lsls	r3, r3, #15
 145 002c 42BF     		ittt	mi
 146 002e 019B     		ldrmi	r3, [sp, #4]
 147 0030 03F1FF33 		addmi	r3, r3, #-1
 148 0034 0193     		strmi	r3, [sp, #4]
 149 0036 5368     		ldr	r3, [r2, #4]
 150 0038 019C     		ldr	r4, [sp, #4]
 151 003a C3F34013 		ubfx	r3, r3, #5, #1
 152 003e 002C     		cmp	r4, #0
 153 0040 08BF     		it	eq
 154 0042 0120     		moveq	r0, #1
 155 0044 EBE7     		b	.L16
 157              		.section	.text.LL_RTC_TIME_Init,"ax",%progbits
 158              		.align	1
 159              		.global	LL_RTC_TIME_Init
 160              		.syntax unified
 161              		.thumb
 162              		.thumb_func
 163              		.fpu softvfp
 165              	LL_RTC_TIME_Init:
 166              		@ args = 0, pretend = 0, frame = 0
 167              		@ frame_needed = 0, uses_anonymous_args = 0
 168 0000 F8B5     		push	{r3, r4, r5, r6, r7, lr}
 169 0002 0446     		mov	r4, r0
 170 0004 0E46     		mov	r6, r1
 171 0006 1746     		mov	r7, r2
 172 0008 FFF7FEFF 		bl	LL_RTC_EnterInitMode
 173 000c 0128     		cmp	r0, #1
 174 000e 0546     		mov	r5, r0
 175 0010 0FD0     		beq	.L27
 176 0012 3D78     		ldrb	r5, [r7]	@ zero_extendqisi2
 177 0014 7B78     		ldrb	r3, [r7, #1]	@ zero_extendqisi2
 178 0016 B878     		ldrb	r0, [r7, #2]	@ zero_extendqisi2
 179 0018 86B9     		cbnz	r6, .L28
 180 001a 3C22     		movs	r2, #60
 181 001c 5343     		muls	r3, r2, r3
 182 001e 4FF46162 		mov	r2, #3600
ARM GAS  /tmp/cceCpYBS.s 			page 4


 183 0022 02FB0533 		mla	r3, r2, r5, r3
 184 0026 0344     		add	r3, r3, r0
 185              	.L32:
 186 0028 0025     		movs	r5, #0
 187 002a 1A0C     		lsrs	r2, r3, #16
 188 002c 9BB2     		uxth	r3, r3
 189 002e A261     		str	r2, [r4, #24]
 190 0030 E361     		str	r3, [r4, #28]
 191              	.L27:
 192 0032 2046     		mov	r0, r4
 193 0034 FFF7FEFF 		bl	LL_RTC_ExitInitMode
 194 0038 2846     		mov	r0, r5
 195 003a F8BD     		pop	{r3, r4, r5, r6, r7, pc}
 196              	.L28:
 197 003c 2A09     		lsrs	r2, r5, #4
 198 003e 02EB8202 		add	r2, r2, r2, lsl #2
 199 0042 05F00F05 		and	r5, r5, #15
 200 0046 05EB4205 		add	r5, r5, r2, lsl #1
 201 004a 1A09     		lsrs	r2, r3, #4
 202 004c 02EB8201 		add	r1, r2, r2, lsl #2
 203 0050 03F00F02 		and	r2, r3, #15
 204 0054 3C23     		movs	r3, #60
 205 0056 02EB4102 		add	r2, r2, r1, lsl #1
 206 005a D2B2     		uxtb	r2, r2
 207 005c 5A43     		muls	r2, r3, r2
 208 005e 4FF46163 		mov	r3, #3600
 209 0062 EDB2     		uxtb	r5, r5
 210 0064 03FB0522 		mla	r2, r3, r5, r2
 211 0068 0309     		lsrs	r3, r0, #4
 212 006a 03EB8301 		add	r1, r3, r3, lsl #2
 213 006e 00F00F03 		and	r3, r0, #15
 214 0072 03EB4103 		add	r3, r3, r1, lsl #1
 215 0076 DBB2     		uxtb	r3, r3
 216 0078 1344     		add	r3, r3, r2
 217 007a D5E7     		b	.L32
 219              		.section	.text.LL_RTC_ALARM_Init,"ax",%progbits
 220              		.align	1
 221              		.global	LL_RTC_ALARM_Init
 222              		.syntax unified
 223              		.thumb
 224              		.thumb_func
 225              		.fpu softvfp
 227              	LL_RTC_ALARM_Init:
 228              		@ args = 0, pretend = 0, frame = 0
 229              		@ frame_needed = 0, uses_anonymous_args = 0
 230 0000 F8B5     		push	{r3, r4, r5, r6, r7, lr}
 231 0002 0446     		mov	r4, r0
 232 0004 0E46     		mov	r6, r1
 233 0006 1746     		mov	r7, r2
 234 0008 FFF7FEFF 		bl	LL_RTC_EnterInitMode
 235 000c 0128     		cmp	r0, #1
 236 000e 0546     		mov	r5, r0
 237 0010 0FD0     		beq	.L34
 238 0012 3D78     		ldrb	r5, [r7]	@ zero_extendqisi2
 239 0014 7B78     		ldrb	r3, [r7, #1]	@ zero_extendqisi2
 240 0016 B878     		ldrb	r0, [r7, #2]	@ zero_extendqisi2
 241 0018 86B9     		cbnz	r6, .L35
ARM GAS  /tmp/cceCpYBS.s 			page 5


 242 001a 3C22     		movs	r2, #60
 243 001c 5343     		muls	r3, r2, r3
 244 001e 4FF46162 		mov	r2, #3600
 245 0022 02FB0533 		mla	r3, r2, r5, r3
 246 0026 0344     		add	r3, r3, r0
 247              	.L39:
 248 0028 0025     		movs	r5, #0
 249 002a 1A0C     		lsrs	r2, r3, #16
 250 002c 9BB2     		uxth	r3, r3
 251 002e 2262     		str	r2, [r4, #32]
 252 0030 6362     		str	r3, [r4, #36]
 253              	.L34:
 254 0032 2046     		mov	r0, r4
 255 0034 FFF7FEFF 		bl	LL_RTC_ExitInitMode
 256 0038 2846     		mov	r0, r5
 257 003a F8BD     		pop	{r3, r4, r5, r6, r7, pc}
 258              	.L35:
 259 003c 2A09     		lsrs	r2, r5, #4
 260 003e 02EB8202 		add	r2, r2, r2, lsl #2
 261 0042 05F00F05 		and	r5, r5, #15
 262 0046 05EB4205 		add	r5, r5, r2, lsl #1
 263 004a 1A09     		lsrs	r2, r3, #4
 264 004c 02EB8201 		add	r1, r2, r2, lsl #2
 265 0050 03F00F02 		and	r2, r3, #15
 266 0054 3C23     		movs	r3, #60
 267 0056 02EB4102 		add	r2, r2, r1, lsl #1
 268 005a D2B2     		uxtb	r2, r2
 269 005c 5A43     		muls	r2, r3, r2
 270 005e 4FF46163 		mov	r3, #3600
 271 0062 EDB2     		uxtb	r5, r5
 272 0064 03FB0522 		mla	r2, r3, r5, r2
 273 0068 0309     		lsrs	r3, r0, #4
 274 006a 03EB8301 		add	r1, r3, r3, lsl #2
 275 006e 00F00F03 		and	r3, r0, #15
 276 0072 03EB4103 		add	r3, r3, r1, lsl #1
 277 0076 DBB2     		uxtb	r3, r3
 278 0078 1344     		add	r3, r3, r2
 279 007a D5E7     		b	.L39
 281              		.section	.text.LL_RTC_TIME_SetCounter,"ax",%progbits
 282              		.align	1
 283              		.global	LL_RTC_TIME_SetCounter
 284              		.syntax unified
 285              		.thumb
 286              		.thumb_func
 287              		.fpu softvfp
 289              	LL_RTC_TIME_SetCounter:
 290              		@ args = 0, pretend = 0, frame = 0
 291              		@ frame_needed = 0, uses_anonymous_args = 0
 292 0000 70B5     		push	{r4, r5, r6, lr}
 293 0002 0646     		mov	r6, r0
 294 0004 0C46     		mov	r4, r1
 295 0006 FFF7FEFF 		bl	LL_RTC_EnterInitMode
 296 000a 0128     		cmp	r0, #1
 297 000c 0546     		mov	r5, r0
 298 000e 04D0     		beq	.L41
 299 0010 0025     		movs	r5, #0
 300 0012 230C     		lsrs	r3, r4, #16
ARM GAS  /tmp/cceCpYBS.s 			page 6


 301 0014 A4B2     		uxth	r4, r4
 302 0016 B361     		str	r3, [r6, #24]
 303 0018 F461     		str	r4, [r6, #28]
 304              	.L41:
 305 001a 3046     		mov	r0, r6
 306 001c FFF7FEFF 		bl	LL_RTC_ExitInitMode
 307 0020 2846     		mov	r0, r5
 308 0022 70BD     		pop	{r4, r5, r6, pc}
 310              		.section	.text.LL_RTC_ALARM_SetCounter,"ax",%progbits
 311              		.align	1
 312              		.global	LL_RTC_ALARM_SetCounter
 313              		.syntax unified
 314              		.thumb
 315              		.thumb_func
 316              		.fpu softvfp
 318              	LL_RTC_ALARM_SetCounter:
 319              		@ args = 0, pretend = 0, frame = 0
 320              		@ frame_needed = 0, uses_anonymous_args = 0
 321 0000 70B5     		push	{r4, r5, r6, lr}
 322 0002 0646     		mov	r6, r0
 323 0004 0C46     		mov	r4, r1
 324 0006 FFF7FEFF 		bl	LL_RTC_EnterInitMode
 325 000a 0128     		cmp	r0, #1
 326 000c 0546     		mov	r5, r0
 327 000e 04D0     		beq	.L46
 328 0010 0025     		movs	r5, #0
 329 0012 230C     		lsrs	r3, r4, #16
 330 0014 A4B2     		uxth	r4, r4
 331 0016 3362     		str	r3, [r6, #32]
 332 0018 7462     		str	r4, [r6, #36]
 333              	.L46:
 334 001a 3046     		mov	r0, r6
 335 001c FFF7FEFF 		bl	LL_RTC_ExitInitMode
 336 0020 2846     		mov	r0, r5
 337 0022 70BD     		pop	{r4, r5, r6, pc}
 339              		.section	.text.LL_RTC_WaitForSynchro,"ax",%progbits
 340              		.align	1
 341              		.global	LL_RTC_WaitForSynchro
 342              		.syntax unified
 343              		.thumb
 344              		.thumb_func
 345              		.fpu softvfp
 347              	LL_RTC_WaitForSynchro:
 348              		@ args = 0, pretend = 0, frame = 8
 349              		@ frame_needed = 0, uses_anonymous_args = 0
 350 0000 4FF47A73 		mov	r3, #1000
 351 0004 13B5     		push	{r0, r1, r4, lr}
 352 0006 0193     		str	r3, [sp, #4]
 353 0008 4368     		ldr	r3, [r0, #4]
 354 000a 0246     		mov	r2, r0
 355 000c 23F00803 		bic	r3, r3, #8
 356 0010 4360     		str	r3, [r0, #4]
 357 0012 4368     		ldr	r3, [r0, #4]
 358 0014 4FF0E021 		mov	r1, #-536813568
 359 0018 0020     		movs	r0, #0
 360 001a C3F3C003 		ubfx	r3, r3, #3, #1
 361              	.L51:
ARM GAS  /tmp/cceCpYBS.s 			page 7


 362 001e 019C     		ldr	r4, [sp, #4]
 363 0020 04B1     		cbz	r4, .L60
 364 0022 0BB9     		cbnz	r3, .L55
 365              	.L60:
 366 0024 02B0     		add	sp, sp, #8
 367              		@ sp needed
 368 0026 10BD     		pop	{r4, pc}
 369              	.L55:
 370 0028 0B69     		ldr	r3, [r1, #16]
 371 002a DB03     		lsls	r3, r3, #15
 372 002c 42BF     		ittt	mi
 373 002e 019B     		ldrmi	r3, [sp, #4]
 374 0030 03F1FF33 		addmi	r3, r3, #-1
 375 0034 0193     		strmi	r3, [sp, #4]
 376 0036 5368     		ldr	r3, [r2, #4]
 377 0038 019C     		ldr	r4, [sp, #4]
 378 003a C3F3C003 		ubfx	r3, r3, #3, #1
 379 003e 002C     		cmp	r4, #0
 380 0040 08BF     		it	eq
 381 0042 0120     		moveq	r0, #1
 382 0044 EBE7     		b	.L51
 384              		.section	.text.LL_RTC_DeInit,"ax",%progbits
 385              		.align	1
 386              		.global	LL_RTC_DeInit
 387              		.syntax unified
 388              		.thumb
 389              		.thumb_func
 390              		.fpu softvfp
 392              	LL_RTC_DeInit:
 393              		@ args = 0, pretend = 0, frame = 0
 394              		@ frame_needed = 0, uses_anonymous_args = 0
 395 0000 4368     		ldr	r3, [r0, #4]
 396 0002 10B5     		push	{r4, lr}
 397 0004 43F01003 		orr	r3, r3, #16
 398 0008 4360     		str	r3, [r0, #4]
 399 000a 0446     		mov	r4, r0
 400 000c FFF7FEFF 		bl	LL_RTC_EnterInitMode
 401 0010 0128     		cmp	r0, #1
 402 0012 19D0     		beq	.L62
 403 0014 0023     		movs	r3, #0
 404 0016 4FF40042 		mov	r2, #32768
 405 001a E361     		str	r3, [r4, #28]
 406 001c A361     		str	r3, [r4, #24]
 407 001e A360     		str	r3, [r4, #8]
 408 0020 E260     		str	r2, [r4, #12]
 409 0022 2022     		movs	r2, #32
 410 0024 2360     		str	r3, [r4]
 411 0026 6260     		str	r2, [r4, #4]
 412 0028 0A4A     		ldr	r2, .L67
 413 002a 2046     		mov	r0, r4
 414 002c D362     		str	r3, [r2, #44]
 415 002e 1363     		str	r3, [r2, #48]
 416 0030 5363     		str	r3, [r2, #52]
 417 0032 FFF7FEFF 		bl	LL_RTC_ExitInitMode
 418 0036 0128     		cmp	r0, #1
 419 0038 0AD0     		beq	.L63
 420 003a 2046     		mov	r0, r4
ARM GAS  /tmp/cceCpYBS.s 			page 8


 421 003c FFF7FEFF 		bl	LL_RTC_WaitForSynchro
 422 0040 6368     		ldr	r3, [r4, #4]
 423 0042 23F00803 		bic	r3, r3, #8
 424 0046 6360     		str	r3, [r4, #4]
 425              	.L62:
 426 0048 6368     		ldr	r3, [r4, #4]
 427 004a 23F01003 		bic	r3, r3, #16
 428 004e 6360     		str	r3, [r4, #4]
 429              	.L63:
 430 0050 10BD     		pop	{r4, pc}
 431              	.L68:
 432 0052 00BF     		.align	2
 433              	.L67:
 434 0054 006C0040 		.word	1073769472
 436              		.section	.text.LL_RTC_Init,"ax",%progbits
 437              		.align	1
 438              		.global	LL_RTC_Init
 439              		.syntax unified
 440              		.thumb
 441              		.thumb_func
 442              		.fpu softvfp
 444              	LL_RTC_Init:
 445              		@ args = 0, pretend = 0, frame = 0
 446              		@ frame_needed = 0, uses_anonymous_args = 0
 447 0000 38B5     		push	{r3, r4, r5, lr}
 448 0002 0446     		mov	r4, r0
 449 0004 0D46     		mov	r5, r1
 450 0006 FFF7FEFF 		bl	LL_RTC_WaitForSynchro
 451 000a 0128     		cmp	r0, #1
 452 000c 01D1     		bne	.L70
 453              	.L72:
 454 000e 0120     		movs	r0, #1
 455              	.L71:
 456 0010 38BD     		pop	{r3, r4, r5, pc}
 457              	.L70:
 458 0012 2046     		mov	r0, r4
 459 0014 FFF7FEFF 		bl	LL_RTC_EnterInitMode
 460 0018 0128     		cmp	r0, #1
 461 001a F8D0     		beq	.L72
 462 001c 6368     		ldr	r3, [r4, #4]
 463 001e 6868     		ldr	r0, [r5, #4]
 464 0020 23F00203 		bic	r3, r3, #2
 465 0024 6360     		str	r3, [r4, #4]
 466 0026 6368     		ldr	r3, [r4, #4]
 467 0028 114A     		ldr	r2, .L80
 468 002a 23F00403 		bic	r3, r3, #4
 469 002e 6360     		str	r3, [r4, #4]
 470 0030 6368     		ldr	r3, [r4, #4]
 471 0032 23F00103 		bic	r3, r3, #1
 472 0036 6360     		str	r3, [r4, #4]
 473 0038 18B1     		cbz	r0, .L73
 474 003a 116B     		ldr	r1, [r2, #48]
 475 003c 21F00101 		bic	r1, r1, #1
 476 0040 1163     		str	r1, [r2, #48]
 477              	.L73:
 478 0042 D36A     		ldr	r3, [r2, #44]
 479 0044 23F46073 		bic	r3, r3, #896
ARM GAS  /tmp/cceCpYBS.s 			page 9


 480 0048 0343     		orrs	r3, r3, r0
 481 004a D362     		str	r3, [r2, #44]
 482 004c A268     		ldr	r2, [r4, #8]
 483 004e 2968     		ldr	r1, [r5]
 484 0050 22F00F02 		bic	r2, r2, #15
 485 0054 42EA1142 		orr	r2, r2, r1, lsr #16
 486 0058 A260     		str	r2, [r4, #8]
 487 005a E368     		ldr	r3, [r4, #12]
 488 005c 89B2     		uxth	r1, r1
 489 005e 1B0C     		lsrs	r3, r3, #16
 490 0060 1B04     		lsls	r3, r3, #16
 491 0062 0B43     		orrs	r3, r3, r1
 492 0064 2046     		mov	r0, r4
 493 0066 E360     		str	r3, [r4, #12]
 494 0068 FFF7FEFF 		bl	LL_RTC_ExitInitMode
 495 006c 0020     		movs	r0, #0
 496 006e CFE7     		b	.L71
 497              	.L81:
 498              		.align	2
 499              	.L80:
 500 0070 006C0040 		.word	1073769472
 502              		.ident	"GCC: (15:10.3-2021.07-4) 10.3.1 20210621 (release)"
ARM GAS  /tmp/cceCpYBS.s 			page 10


DEFINED SYMBOLS
                            *ABS*:0000000000000000 stm32f1xx_ll_rtc.c
     /tmp/cceCpYBS.s:14     .text.LL_RTC_StructInit:0000000000000000 $t
     /tmp/cceCpYBS.s:22     .text.LL_RTC_StructInit:0000000000000000 LL_RTC_StructInit
     /tmp/cceCpYBS.s:32     .text.LL_RTC_TIME_StructInit:0000000000000000 $t
     /tmp/cceCpYBS.s:39     .text.LL_RTC_TIME_StructInit:0000000000000000 LL_RTC_TIME_StructInit
     /tmp/cceCpYBS.s:50     .text.LL_RTC_ALARM_StructInit:0000000000000000 $t
     /tmp/cceCpYBS.s:57     .text.LL_RTC_ALARM_StructInit:0000000000000000 LL_RTC_ALARM_StructInit
     /tmp/cceCpYBS.s:68     .text.LL_RTC_EnterInitMode:0000000000000000 $t
     /tmp/cceCpYBS.s:75     .text.LL_RTC_EnterInitMode:0000000000000000 LL_RTC_EnterInitMode
     /tmp/cceCpYBS.s:113    .text.LL_RTC_ExitInitMode:0000000000000000 $t
     /tmp/cceCpYBS.s:120    .text.LL_RTC_ExitInitMode:0000000000000000 LL_RTC_ExitInitMode
     /tmp/cceCpYBS.s:158    .text.LL_RTC_TIME_Init:0000000000000000 $t
     /tmp/cceCpYBS.s:165    .text.LL_RTC_TIME_Init:0000000000000000 LL_RTC_TIME_Init
     /tmp/cceCpYBS.s:220    .text.LL_RTC_ALARM_Init:0000000000000000 $t
     /tmp/cceCpYBS.s:227    .text.LL_RTC_ALARM_Init:0000000000000000 LL_RTC_ALARM_Init
     /tmp/cceCpYBS.s:282    .text.LL_RTC_TIME_SetCounter:0000000000000000 $t
     /tmp/cceCpYBS.s:289    .text.LL_RTC_TIME_SetCounter:0000000000000000 LL_RTC_TIME_SetCounter
     /tmp/cceCpYBS.s:311    .text.LL_RTC_ALARM_SetCounter:0000000000000000 $t
     /tmp/cceCpYBS.s:318    .text.LL_RTC_ALARM_SetCounter:0000000000000000 LL_RTC_ALARM_SetCounter
     /tmp/cceCpYBS.s:340    .text.LL_RTC_WaitForSynchro:0000000000000000 $t
     /tmp/cceCpYBS.s:347    .text.LL_RTC_WaitForSynchro:0000000000000000 LL_RTC_WaitForSynchro
     /tmp/cceCpYBS.s:385    .text.LL_RTC_DeInit:0000000000000000 $t
     /tmp/cceCpYBS.s:392    .text.LL_RTC_DeInit:0000000000000000 LL_RTC_DeInit
     /tmp/cceCpYBS.s:434    .text.LL_RTC_DeInit:0000000000000054 $d
     /tmp/cceCpYBS.s:437    .text.LL_RTC_Init:0000000000000000 $t
     /tmp/cceCpYBS.s:444    .text.LL_RTC_Init:0000000000000000 LL_RTC_Init
     /tmp/cceCpYBS.s:500    .text.LL_RTC_Init:0000000000000070 $d

NO UNDEFINED SYMBOLS
