ARM GAS  /tmp/ccMsgdwU.s 			page 1


   1              		.cpu cortex-m3
   2              		.eabi_attribute 20, 1
   3              		.eabi_attribute 21, 1
   4              		.eabi_attribute 23, 3
   5              		.eabi_attribute 24, 1
   6              		.eabi_attribute 25, 1
   7              		.eabi_attribute 26, 1
   8              		.eabi_attribute 30, 4
   9              		.eabi_attribute 34, 1
  10              		.eabi_attribute 18, 4
  11              		.file	"stm32f1xx_ll_pwr.c"
  12              		.text
  13              		.section	.text.LL_PWR_DeInit,"ax",%progbits
  14              		.align	1
  15              		.global	LL_PWR_DeInit
  16              		.arch armv7-m
  17              		.syntax unified
  18              		.thumb
  19              		.thumb_func
  20              		.fpu softvfp
  22              	LL_PWR_DeInit:
  23              		@ args = 0, pretend = 0, frame = 0
  24              		@ frame_needed = 0, uses_anonymous_args = 0
  25              		@ link register save eliminated.
  26 0000 054B     		ldr	r3, .L2
  27 0002 0020     		movs	r0, #0
  28 0004 1A69     		ldr	r2, [r3, #16]
  29 0006 42F08052 		orr	r2, r2, #268435456
  30 000a 1A61     		str	r2, [r3, #16]
  31 000c 1A69     		ldr	r2, [r3, #16]
  32 000e 22F08052 		bic	r2, r2, #268435456
  33 0012 1A61     		str	r2, [r3, #16]
  34 0014 7047     		bx	lr
  35              	.L3:
  36 0016 00BF     		.align	2
  37              	.L2:
  38 0018 00100240 		.word	1073876992
  40              		.ident	"GCC: (15:10.3-2021.07-4) 10.3.1 20210621 (release)"
ARM GAS  /tmp/ccMsgdwU.s 			page 2


DEFINED SYMBOLS
                            *ABS*:0000000000000000 stm32f1xx_ll_pwr.c
     /tmp/ccMsgdwU.s:14     .text.LL_PWR_DeInit:0000000000000000 $t
     /tmp/ccMsgdwU.s:22     .text.LL_PWR_DeInit:0000000000000000 LL_PWR_DeInit
     /tmp/ccMsgdwU.s:38     .text.LL_PWR_DeInit:0000000000000018 $d

NO UNDEFINED SYMBOLS
