ARM GAS  /tmp/ccbG78DR.s 			page 1


   1              		.cpu cortex-m3
   2              		.eabi_attribute 20, 1
   3              		.eabi_attribute 21, 1
   4              		.eabi_attribute 23, 3
   5              		.eabi_attribute 24, 1
   6              		.eabi_attribute 25, 1
   7              		.eabi_attribute 26, 1
   8              		.eabi_attribute 30, 4
   9              		.eabi_attribute 34, 1
  10              		.eabi_attribute 18, 4
  11              		.file	"stm32f1xx_ll_spi.c"
  12              		.text
  13              		.section	.text.LL_SPI_DeInit,"ax",%progbits
  14              		.align	1
  15              		.global	LL_SPI_DeInit
  16              		.arch armv7-m
  17              		.syntax unified
  18              		.thumb
  19              		.thumb_func
  20              		.fpu softvfp
  22              	LL_SPI_DeInit:
  23              		@ args = 0, pretend = 0, frame = 0
  24              		@ frame_needed = 0, uses_anonymous_args = 0
  25              		@ link register save eliminated.
  26 0000 154B     		ldr	r3, .L8
  27 0002 9842     		cmp	r0, r3
  28 0004 0BD1     		bne	.L2
  29 0006 03F56043 		add	r3, r3, #57344
  30 000a DA68     		ldr	r2, [r3, #12]
  31 000c 42F48052 		orr	r2, r2, #4096
  32 0010 DA60     		str	r2, [r3, #12]
  33 0012 DA68     		ldr	r2, [r3, #12]
  34 0014 22F48052 		bic	r2, r2, #4096
  35 0018 DA60     		str	r2, [r3, #12]
  36              	.L6:
  37 001a 0020     		movs	r0, #0
  38 001c 7047     		bx	lr
  39              	.L2:
  40 001e 0F4B     		ldr	r3, .L8+4
  41 0020 9842     		cmp	r0, r3
  42 0022 05D0     		beq	.L4
  43 0024 03F58063 		add	r3, r3, #1024
  44 0028 9842     		cmp	r0, r3
  45 002a 0BD0     		beq	.L5
  46 002c 0120     		movs	r0, #1
  47 002e 7047     		bx	lr
  48              	.L4:
  49 0030 0B4B     		ldr	r3, .L8+8
  50 0032 1A69     		ldr	r2, [r3, #16]
  51 0034 42F48042 		orr	r2, r2, #16384
  52 0038 1A61     		str	r2, [r3, #16]
  53 003a 1A69     		ldr	r2, [r3, #16]
  54 003c 22F48042 		bic	r2, r2, #16384
  55              	.L7:
  56 0040 1A61     		str	r2, [r3, #16]
  57 0042 EAE7     		b	.L6
  58              	.L5:
ARM GAS  /tmp/ccbG78DR.s 			page 2


  59 0044 064B     		ldr	r3, .L8+8
  60 0046 1A69     		ldr	r2, [r3, #16]
  61 0048 42F40042 		orr	r2, r2, #32768
  62 004c 1A61     		str	r2, [r3, #16]
  63 004e 1A69     		ldr	r2, [r3, #16]
  64 0050 22F40042 		bic	r2, r2, #32768
  65 0054 F4E7     		b	.L7
  66              	.L9:
  67 0056 00BF     		.align	2
  68              	.L8:
  69 0058 00300140 		.word	1073819648
  70 005c 00380040 		.word	1073756160
  71 0060 00100240 		.word	1073876992
  73              		.section	.text.LL_SPI_Init,"ax",%progbits
  74              		.align	1
  75              		.global	LL_SPI_Init
  76              		.syntax unified
  77              		.thumb
  78              		.thumb_func
  79              		.fpu softvfp
  81              	LL_SPI_Init:
  82              		@ args = 0, pretend = 0, frame = 0
  83              		@ frame_needed = 0, uses_anonymous_args = 0
  84 0000 0246     		mov	r2, r0
  85 0002 0068     		ldr	r0, [r0]
  86 0004 F0B5     		push	{r4, r5, r6, r7, lr}
  87 0006 10F04000 		ands	r0, r0, #64
  88 000a 27D1     		bne	.L12
  89 000c D1E90037 		ldrd	r3, r7, [r1]
  90 0010 3B43     		orrs	r3, r3, r7
  91 0012 8F68     		ldr	r7, [r1, #8]
  92 0014 4D69     		ldr	r5, [r1, #20]
  93 0016 3B43     		orrs	r3, r3, r7
  94 0018 CF68     		ldr	r7, [r1, #12]
  95 001a 1668     		ldr	r6, [r2]
  96 001c 3B43     		orrs	r3, r3, r7
  97 001e 0F69     		ldr	r7, [r1, #16]
  98 0020 0C6A     		ldr	r4, [r1, #32]
  99 0022 3B43     		orrs	r3, r3, r7
 100 0024 8F69     		ldr	r7, [r1, #24]
 101 0026 2B43     		orrs	r3, r3, r5
 102 0028 3B43     		orrs	r3, r3, r7
 103 002a CF69     		ldr	r7, [r1, #28]
 104 002c 26F47F46 		bic	r6, r6, #65280
 105 0030 3B43     		orrs	r3, r3, r7
 106 0032 2343     		orrs	r3, r3, r4
 107 0034 26F0BF06 		bic	r6, r6, #191
 108 0038 3343     		orrs	r3, r3, r6
 109 003a 1360     		str	r3, [r2]
 110 003c 5368     		ldr	r3, [r2, #4]
 111 003e B4F5005F 		cmp	r4, #8192
 112 0042 23F00403 		bic	r3, r3, #4
 113 0046 43EA1545 		orr	r5, r3, r5, lsr #16
 114 004a 5560     		str	r5, [r2, #4]
 115 004c 01D1     		bne	.L11
 116 004e 8B8C     		ldrh	r3, [r1, #36]
 117 0050 1361     		str	r3, [r2, #16]
ARM GAS  /tmp/ccbG78DR.s 			page 3


 118              	.L11:
 119 0052 D369     		ldr	r3, [r2, #28]
 120 0054 23F40063 		bic	r3, r3, #2048
 121 0058 D361     		str	r3, [r2, #28]
 122 005a F0BD     		pop	{r4, r5, r6, r7, pc}
 123              	.L12:
 124 005c 0120     		movs	r0, #1
 125 005e F8E7     		b	.L11
 127              		.section	.text.LL_SPI_StructInit,"ax",%progbits
 128              		.align	1
 129              		.global	LL_SPI_StructInit
 130              		.syntax unified
 131              		.thumb
 132              		.thumb_func
 133              		.fpu softvfp
 135              	LL_SPI_StructInit:
 136              		@ args = 0, pretend = 0, frame = 0
 137              		@ frame_needed = 0, uses_anonymous_args = 0
 138              		@ link register save eliminated.
 139 0000 0023     		movs	r3, #0
 140 0002 C0E90033 		strd	r3, r3, [r0]
 141 0006 C0E90233 		strd	r3, r3, [r0, #8]
 142 000a C0E90433 		strd	r3, r3, [r0, #16]
 143 000e C0E90633 		strd	r3, r3, [r0, #24]
 144 0012 0362     		str	r3, [r0, #32]
 145 0014 0723     		movs	r3, #7
 146 0016 4362     		str	r3, [r0, #36]
 147 0018 7047     		bx	lr
 149              		.section	.text.LL_I2S_DeInit,"ax",%progbits
 150              		.align	1
 151              		.global	LL_I2S_DeInit
 152              		.syntax unified
 153              		.thumb
 154              		.thumb_func
 155              		.fpu softvfp
 157              	LL_I2S_DeInit:
 158              		@ args = 0, pretend = 0, frame = 0
 159              		@ frame_needed = 0, uses_anonymous_args = 0
 160              		@ link register save eliminated.
 161 0000 FFF7FEBF 		b	LL_SPI_DeInit
 163              		.section	.text.LL_I2S_Init,"ax",%progbits
 164              		.align	1
 165              		.global	LL_I2S_Init
 166              		.syntax unified
 167              		.thumb
 168              		.thumb_func
 169              		.fpu softvfp
 171              	LL_I2S_Init:
 172              		@ args = 0, pretend = 0, frame = 16
 173              		@ frame_needed = 0, uses_anonymous_args = 0
 174 0000 F0B5     		push	{r4, r5, r6, r7, lr}
 175 0002 C669     		ldr	r6, [r0, #28]
 176 0004 0446     		mov	r4, r0
 177 0006 16F48066 		ands	r6, r6, #1024
 178 000a 0D46     		mov	r5, r1
 179 000c 85B0     		sub	sp, sp, #20
 180 000e 3ED1     		bne	.L24
ARM GAS  /tmp/ccbG78DR.s 			page 4


 181 0010 C269     		ldr	r2, [r0, #28]
 182 0012 8968     		ldr	r1, [r1, #8]
 183 0014 22F43362 		bic	r2, r2, #2864
 184 0018 22F00F02 		bic	r2, r2, #15
 185 001c D5E90030 		ldrd	r3, r0, [r5]
 186 0020 0343     		orrs	r3, r3, r0
 187 0022 1343     		orrs	r3, r3, r2
 188 0024 6A69     		ldr	r2, [r5, #20]
 189 0026 0B43     		orrs	r3, r3, r1
 190 0028 1343     		orrs	r3, r3, r2
 191 002a 43F40063 		orr	r3, r3, #2048
 192 002e E361     		str	r3, [r4, #28]
 193 0030 2B69     		ldr	r3, [r5, #16]
 194 0032 022B     		cmp	r3, #2
 195 0034 07D1     		bne	.L18
 196              	.L23:
 197 0036 0223     		movs	r3, #2
 198              	.L19:
 199 0038 0020     		movs	r0, #0
 200 003a EA68     		ldr	r2, [r5, #12]
 201 003c 3343     		orrs	r3, r3, r6
 202 003e 1343     		orrs	r3, r3, r2
 203 0040 2362     		str	r3, [r4, #32]
 204              	.L17:
 205 0042 05B0     		add	sp, sp, #20
 206              		@ sp needed
 207 0044 F0BD     		pop	{r4, r5, r6, r7, pc}
 208              	.L18:
 209 0046 0029     		cmp	r1, #0
 210 0048 18BF     		it	ne
 211 004a 0227     		movne	r7, #2
 212 004c 6846     		mov	r0, sp
 213 004e 08BF     		it	eq
 214 0050 0127     		moveq	r7, #1
 215 0052 FFF7FEFF 		bl	LL_RCC_GetSystemClocksFreq
 216 0056 EB68     		ldr	r3, [r5, #12]
 217 0058 009A     		ldr	r2, [sp]
 218 005a B3F5007F 		cmp	r3, #512
 219 005e 1CBF     		itt	ne
 220 0060 7F01     		lslne	r7, r7, #5
 221 0062 B2FBF7F2 		udivne	r2, r2, r7
 222 0066 4FF00A03 		mov	r3, #10
 223 006a 08BF     		it	eq
 224 006c 120A     		lsreq	r2, r2, #8
 225 006e 5343     		muls	r3, r2, r3
 226 0070 2969     		ldr	r1, [r5, #16]
 227 0072 0A22     		movs	r2, #10
 228 0074 B3FBF1F3 		udiv	r3, r3, r1
 229 0078 0533     		adds	r3, r3, #5
 230 007a B3FBF2F3 		udiv	r3, r3, r2
 231 007e 03F00102 		and	r2, r3, #1
 232 0082 5B08     		lsrs	r3, r3, #1
 233 0084 991E     		subs	r1, r3, #2
 234 0086 FD29     		cmp	r1, #253
 235 0088 D5D8     		bhi	.L23
 236 008a 1602     		lsls	r6, r2, #8
 237 008c D4E7     		b	.L19
ARM GAS  /tmp/ccbG78DR.s 			page 5


 238              	.L24:
 239 008e 0120     		movs	r0, #1
 240 0090 D7E7     		b	.L17
 242              		.section	.text.LL_I2S_StructInit,"ax",%progbits
 243              		.align	1
 244              		.global	LL_I2S_StructInit
 245              		.syntax unified
 246              		.thumb
 247              		.thumb_func
 248              		.fpu softvfp
 250              	LL_I2S_StructInit:
 251              		@ args = 0, pretend = 0, frame = 0
 252              		@ frame_needed = 0, uses_anonymous_args = 0
 253              		@ link register save eliminated.
 254 0000 0023     		movs	r3, #0
 255 0002 0222     		movs	r2, #2
 256 0004 C0E90033 		strd	r3, r3, [r0]
 257 0008 C0E90233 		strd	r3, r3, [r0, #8]
 258 000c C0E90423 		strd	r2, r3, [r0, #16]
 259 0010 7047     		bx	lr
 261              		.section	.text.LL_I2S_ConfigPrescaler,"ax",%progbits
 262              		.align	1
 263              		.global	LL_I2S_ConfigPrescaler
 264              		.syntax unified
 265              		.thumb
 266              		.thumb_func
 267              		.fpu softvfp
 269              	LL_I2S_ConfigPrescaler:
 270              		@ args = 0, pretend = 0, frame = 0
 271              		@ frame_needed = 0, uses_anonymous_args = 0
 272              		@ link register save eliminated.
 273 0000 036A     		ldr	r3, [r0, #32]
 274 0002 41EA0221 		orr	r1, r1, r2, lsl #8
 275 0006 23F4FF72 		bic	r2, r3, #510
 276 000a 22F00102 		bic	r2, r2, #1
 277 000e 1143     		orrs	r1, r1, r2
 278 0010 0162     		str	r1, [r0, #32]
 279 0012 7047     		bx	lr
 281              		.ident	"GCC: (15:10.3-2021.07-4) 10.3.1 20210621 (release)"
ARM GAS  /tmp/ccbG78DR.s 			page 6


DEFINED SYMBOLS
                            *ABS*:0000000000000000 stm32f1xx_ll_spi.c
     /tmp/ccbG78DR.s:14     .text.LL_SPI_DeInit:0000000000000000 $t
     /tmp/ccbG78DR.s:22     .text.LL_SPI_DeInit:0000000000000000 LL_SPI_DeInit
     /tmp/ccbG78DR.s:69     .text.LL_SPI_DeInit:0000000000000058 $d
     /tmp/ccbG78DR.s:74     .text.LL_SPI_Init:0000000000000000 $t
     /tmp/ccbG78DR.s:81     .text.LL_SPI_Init:0000000000000000 LL_SPI_Init
     /tmp/ccbG78DR.s:128    .text.LL_SPI_StructInit:0000000000000000 $t
     /tmp/ccbG78DR.s:135    .text.LL_SPI_StructInit:0000000000000000 LL_SPI_StructInit
     /tmp/ccbG78DR.s:150    .text.LL_I2S_DeInit:0000000000000000 $t
     /tmp/ccbG78DR.s:157    .text.LL_I2S_DeInit:0000000000000000 LL_I2S_DeInit
     /tmp/ccbG78DR.s:164    .text.LL_I2S_Init:0000000000000000 $t
     /tmp/ccbG78DR.s:171    .text.LL_I2S_Init:0000000000000000 LL_I2S_Init
     /tmp/ccbG78DR.s:243    .text.LL_I2S_StructInit:0000000000000000 $t
     /tmp/ccbG78DR.s:250    .text.LL_I2S_StructInit:0000000000000000 LL_I2S_StructInit
     /tmp/ccbG78DR.s:262    .text.LL_I2S_ConfigPrescaler:0000000000000000 $t
     /tmp/ccbG78DR.s:269    .text.LL_I2S_ConfigPrescaler:0000000000000000 LL_I2S_ConfigPrescaler

UNDEFINED SYMBOLS
LL_RCC_GetSystemClocksFreq
