ARM GAS  /tmp/ccapKA5X.s 			page 1


   1              		.cpu cortex-m3
   2              		.eabi_attribute 20, 1
   3              		.eabi_attribute 21, 1
   4              		.eabi_attribute 23, 3
   5              		.eabi_attribute 24, 1
   6              		.eabi_attribute 25, 1
   7              		.eabi_attribute 26, 1
   8              		.eabi_attribute 30, 4
   9              		.eabi_attribute 34, 1
  10              		.eabi_attribute 18, 4
  11              		.file	"stm32f1xx_ll_usb.c"
  12              		.text
  13              		.section	.text.USB_CoreInit,"ax",%progbits
  14              		.align	1
  15              		.global	USB_CoreInit
  16              		.arch armv7-m
  17              		.syntax unified
  18              		.thumb
  19              		.thumb_func
  20              		.fpu softvfp
  22              	USB_CoreInit:
  23              		@ args = 36, pretend = 16, frame = 0
  24              		@ frame_needed = 0, uses_anonymous_args = 0
  25              		@ link register save eliminated.
  26 0000 84B0     		sub	sp, sp, #16
  27 0002 01A8     		add	r0, sp, #4
  28 0004 80E80E00 		stm	r0, {r1, r2, r3}
  29 0008 04B0     		add	sp, sp, #16
  30 000a 0020     		movs	r0, #0
  31 000c 7047     		bx	lr
  33              		.section	.text.USB_EnableGlobalInt,"ax",%progbits
  34              		.align	1
  35              		.global	USB_EnableGlobalInt
  36              		.syntax unified
  37              		.thumb
  38              		.thumb_func
  39              		.fpu softvfp
  41              	USB_EnableGlobalInt:
  42              		@ args = 0, pretend = 0, frame = 0
  43              		@ frame_needed = 0, uses_anonymous_args = 0
  44              		@ link register save eliminated.
  45 0000 0346     		mov	r3, r0
  46 0002 4FF43F42 		mov	r2, #48896
  47 0006 0020     		movs	r0, #0
  48 0008 A3F84400 		strh	r0, [r3, #68]	@ movhi
  49 000c A3F84020 		strh	r2, [r3, #64]	@ movhi
  50 0010 7047     		bx	lr
  52              		.section	.text.USB_DisableGlobalInt,"ax",%progbits
  53              		.align	1
  54              		.global	USB_DisableGlobalInt
  55              		.syntax unified
  56              		.thumb
  57              		.thumb_func
  58              		.fpu softvfp
  60              	USB_DisableGlobalInt:
  61              		@ args = 0, pretend = 0, frame = 0
  62              		@ frame_needed = 0, uses_anonymous_args = 0
ARM GAS  /tmp/ccapKA5X.s 			page 2


  63              		@ link register save eliminated.
  64 0000 B0F84030 		ldrh	r3, [r0, #64]
  65 0004 23F47C53 		bic	r3, r3, #16128
  66 0008 5B04     		lsls	r3, r3, #17
  67 000a 5B0C     		lsrs	r3, r3, #17
  68 000c A0F84030 		strh	r3, [r0, #64]	@ movhi
  69 0010 0020     		movs	r0, #0
  70 0012 7047     		bx	lr
  72              		.section	.text.USB_SetCurrentMode,"ax",%progbits
  73              		.align	1
  74              		.global	USB_SetCurrentMode
  75              		.syntax unified
  76              		.thumb
  77              		.thumb_func
  78              		.fpu softvfp
  80              	USB_SetCurrentMode:
  81              		@ args = 0, pretend = 0, frame = 0
  82              		@ frame_needed = 0, uses_anonymous_args = 0
  83              		@ link register save eliminated.
  84 0000 0020     		movs	r0, #0
  85 0002 7047     		bx	lr
  87              		.section	.text.USB_DevInit,"ax",%progbits
  88              		.align	1
  89              		.global	USB_DevInit
  90              		.syntax unified
  91              		.thumb
  92              		.thumb_func
  93              		.fpu softvfp
  95              	USB_DevInit:
  96              		@ args = 36, pretend = 16, frame = 0
  97              		@ frame_needed = 0, uses_anonymous_args = 0
  98 0000 84B0     		sub	sp, sp, #16
  99 0002 10B5     		push	{r4, lr}
 100 0004 0446     		mov	r4, r0
 101 0006 03A8     		add	r0, sp, #12
 102 0008 80E80E00 		stm	r0, {r1, r2, r3}
 103 000c 0020     		movs	r0, #0
 104 000e 0123     		movs	r3, #1
 105 0010 A4F84030 		strh	r3, [r4, #64]	@ movhi
 106 0014 A4F84000 		strh	r0, [r4, #64]	@ movhi
 107 0018 A4F84400 		strh	r0, [r4, #68]	@ movhi
 108 001c A4F85000 		strh	r0, [r4, #80]	@ movhi
 109 0020 BDE81040 		pop	{r4, lr}
 110 0024 04B0     		add	sp, sp, #16
 111 0026 7047     		bx	lr
 113              		.section	.text.USB_FlushTxFifo,"ax",%progbits
 114              		.align	1
 115              		.global	USB_FlushTxFifo
 116              		.syntax unified
 117              		.thumb
 118              		.thumb_func
 119              		.fpu softvfp
 121              	USB_FlushTxFifo:
 122              		@ args = 0, pretend = 0, frame = 0
 123              		@ frame_needed = 0, uses_anonymous_args = 0
 124              		@ link register save eliminated.
 125 0000 0020     		movs	r0, #0
ARM GAS  /tmp/ccapKA5X.s 			page 3


 126 0002 7047     		bx	lr
 128              		.section	.text.USB_FlushRxFifo,"ax",%progbits
 129              		.align	1
 130              		.global	USB_FlushRxFifo
 131              		.syntax unified
 132              		.thumb
 133              		.thumb_func
 134              		.fpu softvfp
 136              	USB_FlushRxFifo:
 137              		@ args = 0, pretend = 0, frame = 0
 138              		@ frame_needed = 0, uses_anonymous_args = 0
 139              		@ link register save eliminated.
 140 0000 0020     		movs	r0, #0
 141 0002 7047     		bx	lr
 143              		.section	.text.USB_ActivateEndpoint,"ax",%progbits
 144              		.align	1
 145              		.global	USB_ActivateEndpoint
 146              		.syntax unified
 147              		.thumb
 148              		.thumb_func
 149              		.fpu softvfp
 151              	USB_ActivateEndpoint:
 152              		@ args = 0, pretend = 0, frame = 0
 153              		@ frame_needed = 0, uses_anonymous_args = 0
 154 0000 F0B5     		push	{r4, r5, r6, r7, lr}
 155 0002 0A78     		ldrb	r2, [r1]	@ zero_extendqisi2
 156 0004 CD78     		ldrb	r5, [r1, #3]	@ zero_extendqisi2
 157 0006 30F82240 		ldrh	r4, [r0, r2, lsl #2]
 158 000a 0346     		mov	r3, r0
 159 000c 24F4EC44 		bic	r4, r4, #30208
 160 0010 24F07004 		bic	r4, r4, #112
 161 0014 2404     		lsls	r4, r4, #16
 162 0016 240C     		lsrs	r4, r4, #16
 163 0018 032D     		cmp	r5, #3
 164 001a 48D8     		bhi	.L33
 165 001c DFE805F0 		tbb	[pc, r5]
 166              	.L11:
 167 0020 02       		.byte	(.L14-.L11)/2
 168 0021 44       		.byte	(.L13-.L11)/2
 169 0022 42       		.byte	(.L55-.L11)/2
 170 0023 40       		.byte	(.L10-.L11)/2
 171              		.p2align 1
 172              	.L14:
 173 0024 2846     		mov	r0, r5
 174 0026 44F40074 		orr	r4, r4, #512
 175              	.L9:
 176 002a 48F28006 		movw	r6, #32896
 177 002e 3443     		orrs	r4, r4, r6
 178 0030 23F82240 		strh	r4, [r3, r2, lsl #2]	@ movhi
 179 0034 33F82240 		ldrh	r4, [r3, r2, lsl #2]
 180 0038 8C4F     		ldr	r7, .L59
 181 003a A4B2     		uxth	r4, r4
 182 003c 3C40     		ands	r4, r4, r7
 183 003e 1443     		orrs	r4, r4, r2
 184 0040 3443     		orrs	r4, r4, r6
 185 0042 23F82240 		strh	r4, [r3, r2, lsl #2]	@ movhi
 186 0046 0C7B     		ldrb	r4, [r1, #12]	@ zero_extendqisi2
ARM GAS  /tmp/ccapKA5X.s 			page 4


 187 0048 03EB021C 		add	ip, r3, r2, lsl #4
 188 004c 002C     		cmp	r4, #0
 189 004e 7BD1     		bne	.L15
 190 0050 CE88     		ldrh	r6, [r1, #6]
 191 0052 4C78     		ldrb	r4, [r1, #1]	@ zero_extendqisi2
 192 0054 7608     		lsrs	r6, r6, #1
 193 0056 7600     		lsls	r6, r6, #1
 194 0058 5CB3     		cbz	r4, .L16
 195 005a B3F85040 		ldrh	r4, [r3, #80]
 196 005e A4B2     		uxth	r4, r4
 197 0060 6444     		add	r4, r4, ip
 198 0062 A4F80064 		strh	r6, [r4, #1024]	@ movhi
 199 0066 33F82210 		ldrh	r1, [r3, r2, lsl #2]
 200 006a 4E06     		lsls	r6, r1, #25
 201 006c 09D5     		bpl	.L17
 202 006e 33F82210 		ldrh	r1, [r3, r2, lsl #2]
 203 0072 89B2     		uxth	r1, r1
 204 0074 3940     		ands	r1, r1, r7
 205 0076 41F40041 		orr	r1, r1, #32768
 206 007a 41F0C001 		orr	r1, r1, #192
 207 007e 23F82210 		strh	r1, [r3, r2, lsl #2]	@ movhi
 208              	.L17:
 209 0082 33F82210 		ldrh	r1, [r3, r2, lsl #2]
 210 0086 7A4C     		ldr	r4, .L59+4
 211 0088 89B2     		uxth	r1, r1
 212 008a 012D     		cmp	r5, #1
 213 008c 01EA0401 		and	r1, r1, r4
 214 0090 01D0     		beq	.L57
 215 0092 81F02001 		eor	r1, r1, #32
 216              	.L57:
 217 0096 41F40041 		orr	r1, r1, #32768
 218 009a 41F08001 		orr	r1, r1, #128
 219 009e A9E0     		b	.L58
 220              	.L10:
 221 00a0 44F4C064 		orr	r4, r4, #1536
 222              	.L55:
 223 00a4 0020     		movs	r0, #0
 224 00a6 C0E7     		b	.L9
 225              	.L13:
 226 00a8 44F48064 		orr	r4, r4, #1024
 227 00ac FAE7     		b	.L55
 228              	.L33:
 229 00ae 0120     		movs	r0, #1
 230 00b0 BBE7     		b	.L9
 231              	.L16:
 232 00b2 B3F85040 		ldrh	r4, [r3, #80]
 233 00b6 0D69     		ldr	r5, [r1, #16]
 234 00b8 A4B2     		uxth	r4, r4
 235 00ba 6444     		add	r4, r4, ip
 236 00bc A4F80864 		strh	r6, [r4, #1032]	@ movhi
 237 00c0 B3F85040 		ldrh	r4, [r3, #80]
 238 00c4 A4B2     		uxth	r4, r4
 239 00c6 6444     		add	r4, r4, ip
 240 00c8 6DBB     		cbnz	r5, .L20
 241 00ca B4F80C14 		ldrh	r1, [r4, #1036]
 242 00ce 21F4F841 		bic	r1, r1, #31744
 243 00d2 0904     		lsls	r1, r1, #16
ARM GAS  /tmp/ccapKA5X.s 			page 5


 244 00d4 090C     		lsrs	r1, r1, #16
 245 00d6 A4F80C14 		strh	r1, [r4, #1036]	@ movhi
 246 00da B4F80C14 		ldrh	r1, [r4, #1036]
 247 00de 6FEA4141 		mvn	r1, r1, lsl #17
 248 00e2 6FEA5141 		mvn	r1, r1, lsr #17
 249              	.L56:
 250 00e6 89B2     		uxth	r1, r1
 251 00e8 A4F80C14 		strh	r1, [r4, #1036]	@ movhi
 252 00ec 33F82210 		ldrh	r1, [r3, r2, lsl #2]
 253 00f0 4F04     		lsls	r7, r1, #17
 254 00f2 0DD5     		bpl	.L25
 255 00f4 33F82210 		ldrh	r1, [r3, r2, lsl #2]
 256 00f8 21F4E041 		bic	r1, r1, #28672
 257 00fc 21F07001 		bic	r1, r1, #112
 258 0100 0904     		lsls	r1, r1, #16
 259 0102 090C     		lsrs	r1, r1, #16
 260 0104 41F44041 		orr	r1, r1, #49152
 261 0108 41F08001 		orr	r1, r1, #128
 262 010c 23F82210 		strh	r1, [r3, r2, lsl #2]	@ movhi
 263              	.L25:
 264 0110 33F82210 		ldrh	r1, [r3, r2, lsl #2]
 265 0114 21F48041 		bic	r1, r1, #16384
 266 0118 21F07001 		bic	r1, r1, #112
 267 011c 0904     		lsls	r1, r1, #16
 268 011e 090C     		lsrs	r1, r1, #16
 269 0120 81F44051 		eor	r1, r1, #12288
 270 0124 B7E7     		b	.L57
 271              	.L20:
 272 0126 3E2D     		cmp	r5, #62
 273 0128 05D8     		bhi	.L22
 274 012a 6908     		lsrs	r1, r5, #1
 275 012c ED07     		lsls	r5, r5, #31
 276 012e 48BF     		it	mi
 277 0130 0131     		addmi	r1, r1, #1
 278 0132 8902     		lsls	r1, r1, #10
 279 0134 D7E7     		b	.L56
 280              	.L22:
 281 0136 6E09     		lsrs	r6, r5, #5
 282 0138 E906     		lsls	r1, r5, #27
 283 013a 4E49     		ldr	r1, .L59+8
 284 013c 08BF     		it	eq
 285 013e 06F1FF36 		addeq	r6, r6, #-1
 286 0142 41EA8621 		orr	r1, r1, r6, lsl #10
 287 0146 CEE7     		b	.L56
 288              	.L15:
 289 0148 33F82260 		ldrh	r6, [r3, r2, lsl #2]
 290 014c B6B2     		uxth	r6, r6
 291 014e 3E40     		ands	r6, r6, r7
 292 0150 46F40146 		orr	r6, r6, #33024
 293 0154 46F08006 		orr	r6, r6, #128
 294 0158 23F82260 		strh	r6, [r3, r2, lsl #2]	@ movhi
 295 015c B3F85040 		ldrh	r4, [r3, #80]
 296 0160 0E89     		ldrh	r6, [r1, #8]
 297 0162 A4B2     		uxth	r4, r4
 298 0164 7608     		lsrs	r6, r6, #1
 299 0166 6444     		add	r4, r4, ip
 300 0168 7600     		lsls	r6, r6, #1
ARM GAS  /tmp/ccapKA5X.s 			page 6


 301 016a A4F80064 		strh	r6, [r4, #1024]	@ movhi
 302 016e 4E89     		ldrh	r6, [r1, #10]
 303 0170 B3F85040 		ldrh	r4, [r3, #80]
 304 0174 7608     		lsrs	r6, r6, #1
 305 0176 A4B2     		uxth	r4, r4
 306 0178 6444     		add	r4, r4, ip
 307 017a 7600     		lsls	r6, r6, #1
 308 017c A4F80864 		strh	r6, [r4, #1032]	@ movhi
 309 0180 4978     		ldrb	r1, [r1, #1]	@ zero_extendqisi2
 310 0182 D1BB     		cbnz	r1, .L26
 311 0184 33F82210 		ldrh	r1, [r3, r2, lsl #2]
 312 0188 4E04     		lsls	r6, r1, #17
 313 018a 09D5     		bpl	.L27
 314 018c 33F82210 		ldrh	r1, [r3, r2, lsl #2]
 315 0190 89B2     		uxth	r1, r1
 316 0192 3940     		ands	r1, r1, r7
 317 0194 41F44041 		orr	r1, r1, #49152
 318 0198 41F08001 		orr	r1, r1, #128
 319 019c 23F82210 		strh	r1, [r3, r2, lsl #2]	@ movhi
 320              	.L27:
 321 01a0 33F82210 		ldrh	r1, [r3, r2, lsl #2]
 322 01a4 4D06     		lsls	r5, r1, #25
 323 01a6 0DD5     		bpl	.L28
 324 01a8 33F82210 		ldrh	r1, [r3, r2, lsl #2]
 325 01ac 21F4E041 		bic	r1, r1, #28672
 326 01b0 21F07001 		bic	r1, r1, #112
 327 01b4 0904     		lsls	r1, r1, #16
 328 01b6 090C     		lsrs	r1, r1, #16
 329 01b8 41F40041 		orr	r1, r1, #32768
 330 01bc 41F0C001 		orr	r1, r1, #192
 331 01c0 23F82210 		strh	r1, [r3, r2, lsl #2]	@ movhi
 332              	.L28:
 333 01c4 48F28004 		movw	r4, #32896
 334 01c8 33F82210 		ldrh	r1, [r3, r2, lsl #2]
 335 01cc 21F48041 		bic	r1, r1, #16384
 336 01d0 21F07001 		bic	r1, r1, #112
 337 01d4 0904     		lsls	r1, r1, #16
 338 01d6 090C     		lsrs	r1, r1, #16
 339 01d8 81F44051 		eor	r1, r1, #12288
 340 01dc 2143     		orrs	r1, r1, r4
 341 01de 23F82210 		strh	r1, [r3, r2, lsl #2]	@ movhi
 342 01e2 33F82210 		ldrh	r1, [r3, r2, lsl #2]
 343 01e6 21F4E041 		bic	r1, r1, #28672
 344 01ea 21F04001 		bic	r1, r1, #64
 345 01ee 0904     		lsls	r1, r1, #16
 346 01f0 090C     		lsrs	r1, r1, #16
 347 01f2 2143     		orrs	r1, r1, r4
 348              	.L58:
 349 01f4 23F82210 		strh	r1, [r3, r2, lsl #2]	@ movhi
 350 01f8 F0BD     		pop	{r4, r5, r6, r7, pc}
 351              	.L26:
 352 01fa 33F82210 		ldrh	r1, [r3, r2, lsl #2]
 353 01fe 4C04     		lsls	r4, r1, #17
 354 0200 09D5     		bpl	.L29
 355 0202 33F82210 		ldrh	r1, [r3, r2, lsl #2]
 356 0206 89B2     		uxth	r1, r1
 357 0208 3940     		ands	r1, r1, r7
ARM GAS  /tmp/ccapKA5X.s 			page 7


 358 020a 41F44041 		orr	r1, r1, #49152
 359 020e 41F08001 		orr	r1, r1, #128
 360 0212 23F82210 		strh	r1, [r3, r2, lsl #2]	@ movhi
 361              	.L29:
 362 0216 33F82210 		ldrh	r1, [r3, r2, lsl #2]
 363 021a 4906     		lsls	r1, r1, #25
 364 021c 0DD5     		bpl	.L30
 365 021e 33F82210 		ldrh	r1, [r3, r2, lsl #2]
 366 0222 21F4E041 		bic	r1, r1, #28672
 367 0226 21F07001 		bic	r1, r1, #112
 368 022a 0904     		lsls	r1, r1, #16
 369 022c 090C     		lsrs	r1, r1, #16
 370 022e 41F40041 		orr	r1, r1, #32768
 371 0232 41F0C001 		orr	r1, r1, #192
 372 0236 23F82210 		strh	r1, [r3, r2, lsl #2]	@ movhi
 373              	.L30:
 374 023a 33F82210 		ldrh	r1, [r3, r2, lsl #2]
 375 023e 0C4C     		ldr	r4, .L59+4
 376 0240 89B2     		uxth	r1, r1
 377 0242 2140     		ands	r1, r1, r4
 378 0244 012D     		cmp	r5, #1
 379 0246 18BF     		it	ne
 380 0248 81F02001 		eorne	r1, r1, #32
 381 024c 41F40041 		orr	r1, r1, #32768
 382 0250 41F08001 		orr	r1, r1, #128
 383 0254 23F82210 		strh	r1, [r3, r2, lsl #2]	@ movhi
 384 0258 33F82210 		ldrh	r1, [r3, r2, lsl #2]
 385 025c 21F48041 		bic	r1, r1, #16384
 386 0260 21F07001 		bic	r1, r1, #112
 387 0264 0904     		lsls	r1, r1, #16
 388 0266 090C     		lsrs	r1, r1, #16
 389 0268 15E7     		b	.L57
 390              	.L60:
 391 026a 00BF     		.align	2
 392              	.L59:
 393 026c 8F8FFFFF 		.word	-28785
 394 0270 BF8FFFFF 		.word	-28737
 395 0274 0080FFFF 		.word	-32768
 397              		.section	.text.USB_DeactivateEndpoint,"ax",%progbits
 398              		.align	1
 399              		.global	USB_DeactivateEndpoint
 400              		.syntax unified
 401              		.thumb
 402              		.thumb_func
 403              		.fpu softvfp
 405              	USB_DeactivateEndpoint:
 406              		@ args = 0, pretend = 0, frame = 0
 407              		@ frame_needed = 0, uses_anonymous_args = 0
 408              		@ link register save eliminated.
 409 0000 4A78     		ldrb	r2, [r1, #1]	@ zero_extendqisi2
 410 0002 0B78     		ldrb	r3, [r1]	@ zero_extendqisi2
 411 0004 097B     		ldrb	r1, [r1, #12]	@ zero_extendqisi2
 412 0006 D9BB     		cbnz	r1, .L62
 413 0008 0AB3     		cbz	r2, .L63
 414 000a 30F82320 		ldrh	r2, [r0, r3, lsl #2]
 415 000e 5106     		lsls	r1, r2, #25
 416 0010 0DD5     		bpl	.L64
ARM GAS  /tmp/ccapKA5X.s 			page 8


 417 0012 30F82320 		ldrh	r2, [r0, r3, lsl #2]
 418 0016 22F4E042 		bic	r2, r2, #28672
 419 001a 22F07002 		bic	r2, r2, #112
 420 001e 1204     		lsls	r2, r2, #16
 421 0020 120C     		lsrs	r2, r2, #16
 422 0022 42F40042 		orr	r2, r2, #32768
 423 0026 42F0C002 		orr	r2, r2, #192
 424 002a 20F82320 		strh	r2, [r0, r3, lsl #2]	@ movhi
 425              	.L64:
 426 002e 30F82320 		ldrh	r2, [r0, r3, lsl #2]
 427 0032 22F4E042 		bic	r2, r2, #28672
 428 0036 22F04002 		bic	r2, r2, #64
 429              	.L92:
 430 003a 1204     		lsls	r2, r2, #16
 431 003c 120C     		lsrs	r2, r2, #16
 432 003e 42F40042 		orr	r2, r2, #32768
 433 0042 42F08002 		orr	r2, r2, #128
 434              	.L90:
 435 0046 20F82320 		strh	r2, [r0, r3, lsl #2]	@ movhi
 436 004a 0020     		movs	r0, #0
 437 004c 7047     		bx	lr
 438              	.L63:
 439 004e 30F82320 		ldrh	r2, [r0, r3, lsl #2]
 440 0052 5204     		lsls	r2, r2, #17
 441 0054 0DD5     		bpl	.L66
 442 0056 30F82320 		ldrh	r2, [r0, r3, lsl #2]
 443 005a 22F4E042 		bic	r2, r2, #28672
 444 005e 22F07002 		bic	r2, r2, #112
 445 0062 1204     		lsls	r2, r2, #16
 446 0064 120C     		lsrs	r2, r2, #16
 447 0066 42F44042 		orr	r2, r2, #49152
 448 006a 42F08002 		orr	r2, r2, #128
 449 006e 20F82320 		strh	r2, [r0, r3, lsl #2]	@ movhi
 450              	.L66:
 451 0072 30F82320 		ldrh	r2, [r0, r3, lsl #2]
 452 0076 22F48042 		bic	r2, r2, #16384
 453 007a 22F07002 		bic	r2, r2, #112
 454 007e DCE7     		b	.L92
 455              	.L62:
 456 0080 002A     		cmp	r2, #0
 457 0082 48D1     		bne	.L67
 458 0084 30F82320 		ldrh	r2, [r0, r3, lsl #2]
 459 0088 5104     		lsls	r1, r2, #17
 460 008a 0DD5     		bpl	.L68
 461 008c 30F82320 		ldrh	r2, [r0, r3, lsl #2]
 462 0090 22F4E042 		bic	r2, r2, #28672
 463 0094 22F07002 		bic	r2, r2, #112
 464 0098 1204     		lsls	r2, r2, #16
 465 009a 120C     		lsrs	r2, r2, #16
 466 009c 42F44042 		orr	r2, r2, #49152
 467 00a0 42F08002 		orr	r2, r2, #128
 468 00a4 20F82320 		strh	r2, [r0, r3, lsl #2]	@ movhi
 469              	.L68:
 470 00a8 30F82320 		ldrh	r2, [r0, r3, lsl #2]
 471 00ac 5206     		lsls	r2, r2, #25
 472 00ae 0DD5     		bpl	.L69
 473 00b0 30F82320 		ldrh	r2, [r0, r3, lsl #2]
ARM GAS  /tmp/ccapKA5X.s 			page 9


 474 00b4 22F4E042 		bic	r2, r2, #28672
 475 00b8 22F07002 		bic	r2, r2, #112
 476 00bc 1204     		lsls	r2, r2, #16
 477 00be 120C     		lsrs	r2, r2, #16
 478 00c0 42F40042 		orr	r2, r2, #32768
 479 00c4 42F0C002 		orr	r2, r2, #192
 480 00c8 20F82320 		strh	r2, [r0, r3, lsl #2]	@ movhi
 481              	.L69:
 482 00cc 48F28001 		movw	r1, #32896
 483 00d0 30F82320 		ldrh	r2, [r0, r3, lsl #2]
 484 00d4 22F4E042 		bic	r2, r2, #28672
 485 00d8 22F07002 		bic	r2, r2, #112
 486 00dc 1204     		lsls	r2, r2, #16
 487 00de 120C     		lsrs	r2, r2, #16
 488 00e0 42F40042 		orr	r2, r2, #32768
 489 00e4 42F0C002 		orr	r2, r2, #192
 490 00e8 20F82320 		strh	r2, [r0, r3, lsl #2]	@ movhi
 491 00ec 30F82320 		ldrh	r2, [r0, r3, lsl #2]
 492 00f0 22F48042 		bic	r2, r2, #16384
 493 00f4 22F07002 		bic	r2, r2, #112
 494 00f8 1204     		lsls	r2, r2, #16
 495 00fa 120C     		lsrs	r2, r2, #16
 496 00fc 0A43     		orrs	r2, r2, r1
 497 00fe 20F82320 		strh	r2, [r0, r3, lsl #2]	@ movhi
 498 0102 30F82320 		ldrh	r2, [r0, r3, lsl #2]
 499 0106 22F4E042 		bic	r2, r2, #28672
 500 010a 22F04002 		bic	r2, r2, #64
 501              	.L91:
 502 010e 1204     		lsls	r2, r2, #16
 503 0110 120C     		lsrs	r2, r2, #16
 504 0112 0A43     		orrs	r2, r2, r1
 505 0114 97E7     		b	.L90
 506              	.L67:
 507 0116 30F82320 		ldrh	r2, [r0, r3, lsl #2]
 508 011a 5104     		lsls	r1, r2, #17
 509 011c 0DD5     		bpl	.L70
 510 011e 30F82320 		ldrh	r2, [r0, r3, lsl #2]
 511 0122 22F4E042 		bic	r2, r2, #28672
 512 0126 22F07002 		bic	r2, r2, #112
 513 012a 1204     		lsls	r2, r2, #16
 514 012c 120C     		lsrs	r2, r2, #16
 515 012e 42F44042 		orr	r2, r2, #49152
 516 0132 42F08002 		orr	r2, r2, #128
 517 0136 20F82320 		strh	r2, [r0, r3, lsl #2]	@ movhi
 518              	.L70:
 519 013a 30F82320 		ldrh	r2, [r0, r3, lsl #2]
 520 013e 5206     		lsls	r2, r2, #25
 521 0140 0DD5     		bpl	.L71
 522 0142 30F82320 		ldrh	r2, [r0, r3, lsl #2]
 523 0146 22F4E042 		bic	r2, r2, #28672
 524 014a 22F07002 		bic	r2, r2, #112
 525 014e 1204     		lsls	r2, r2, #16
 526 0150 120C     		lsrs	r2, r2, #16
 527 0152 42F40042 		orr	r2, r2, #32768
 528 0156 42F0C002 		orr	r2, r2, #192
 529 015a 20F82320 		strh	r2, [r0, r3, lsl #2]	@ movhi
 530              	.L71:
ARM GAS  /tmp/ccapKA5X.s 			page 10


 531 015e 48F28001 		movw	r1, #32896
 532 0162 30F82320 		ldrh	r2, [r0, r3, lsl #2]
 533 0166 22F4E042 		bic	r2, r2, #28672
 534 016a 22F07002 		bic	r2, r2, #112
 535 016e 1204     		lsls	r2, r2, #16
 536 0170 120C     		lsrs	r2, r2, #16
 537 0172 42F44042 		orr	r2, r2, #49152
 538 0176 42F08002 		orr	r2, r2, #128
 539 017a 20F82320 		strh	r2, [r0, r3, lsl #2]	@ movhi
 540 017e 30F82320 		ldrh	r2, [r0, r3, lsl #2]
 541 0182 22F4E042 		bic	r2, r2, #28672
 542 0186 22F04002 		bic	r2, r2, #64
 543 018a 1204     		lsls	r2, r2, #16
 544 018c 120C     		lsrs	r2, r2, #16
 545 018e 0A43     		orrs	r2, r2, r1
 546 0190 20F82320 		strh	r2, [r0, r3, lsl #2]	@ movhi
 547 0194 30F82320 		ldrh	r2, [r0, r3, lsl #2]
 548 0198 22F48042 		bic	r2, r2, #16384
 549 019c 22F07002 		bic	r2, r2, #112
 550 01a0 B5E7     		b	.L91
 552              		.section	.text.USB_EPSetStall,"ax",%progbits
 553              		.align	1
 554              		.global	USB_EPSetStall
 555              		.syntax unified
 556              		.thumb
 557              		.thumb_func
 558              		.fpu softvfp
 560              	USB_EPSetStall:
 561              		@ args = 0, pretend = 0, frame = 0
 562              		@ frame_needed = 0, uses_anonymous_args = 0
 563              		@ link register save eliminated.
 564 0000 4B78     		ldrb	r3, [r1, #1]	@ zero_extendqisi2
 565 0002 0A78     		ldrb	r2, [r1]	@ zero_extendqisi2
 566 0004 8BB1     		cbz	r3, .L94
 567 0006 30F82230 		ldrh	r3, [r0, r2, lsl #2]
 568 000a 23F4E043 		bic	r3, r3, #28672
 569 000e 23F04003 		bic	r3, r3, #64
 570 0012 1B04     		lsls	r3, r3, #16
 571 0014 1B0C     		lsrs	r3, r3, #16
 572 0016 83F01003 		eor	r3, r3, #16
 573              	.L96:
 574 001a 43F40043 		orr	r3, r3, #32768
 575 001e 43F08003 		orr	r3, r3, #128
 576 0022 20F82230 		strh	r3, [r0, r2, lsl #2]	@ movhi
 577 0026 0020     		movs	r0, #0
 578 0028 7047     		bx	lr
 579              	.L94:
 580 002a 30F82230 		ldrh	r3, [r0, r2, lsl #2]
 581 002e 23F48043 		bic	r3, r3, #16384
 582 0032 23F07003 		bic	r3, r3, #112
 583 0036 1B04     		lsls	r3, r3, #16
 584 0038 1B0C     		lsrs	r3, r3, #16
 585 003a 83F48053 		eor	r3, r3, #4096
 586 003e ECE7     		b	.L96
 588              		.section	.text.USB_EPClearStall,"ax",%progbits
 589              		.align	1
 590              		.global	USB_EPClearStall
ARM GAS  /tmp/ccapKA5X.s 			page 11


 591              		.syntax unified
 592              		.thumb
 593              		.thumb_func
 594              		.fpu softvfp
 596              	USB_EPClearStall:
 597              		@ args = 0, pretend = 0, frame = 0
 598              		@ frame_needed = 0, uses_anonymous_args = 0
 599              		@ link register save eliminated.
 600 0000 0B7B     		ldrb	r3, [r1, #12]	@ zero_extendqisi2
 601 0002 3BBB     		cbnz	r3, .L99
 602 0004 4B78     		ldrb	r3, [r1, #1]	@ zero_extendqisi2
 603 0006 0A78     		ldrb	r2, [r1]	@ zero_extendqisi2
 604 0008 33B3     		cbz	r3, .L100
 605 000a 30F82230 		ldrh	r3, [r0, r2, lsl #2]
 606 000e 5B06     		lsls	r3, r3, #25
 607 0010 0DD5     		bpl	.L101
 608 0012 30F82230 		ldrh	r3, [r0, r2, lsl #2]
 609 0016 23F4E043 		bic	r3, r3, #28672
 610 001a 23F07003 		bic	r3, r3, #112
 611 001e 1B04     		lsls	r3, r3, #16
 612 0020 1B0C     		lsrs	r3, r3, #16
 613 0022 43F40043 		orr	r3, r3, #32768
 614 0026 43F0C003 		orr	r3, r3, #192
 615 002a 20F82230 		strh	r3, [r0, r2, lsl #2]	@ movhi
 616              	.L101:
 617 002e CB78     		ldrb	r3, [r1, #3]	@ zero_extendqisi2
 618 0030 012B     		cmp	r3, #1
 619 0032 0FD0     		beq	.L99
 620 0034 30F82230 		ldrh	r3, [r0, r2, lsl #2]
 621 0038 23F4E043 		bic	r3, r3, #28672
 622 003c 23F04003 		bic	r3, r3, #64
 623 0040 1B04     		lsls	r3, r3, #16
 624 0042 1B0C     		lsrs	r3, r3, #16
 625 0044 83F02003 		eor	r3, r3, #32
 626              	.L113:
 627 0048 43F40043 		orr	r3, r3, #32768
 628 004c 43F08003 		orr	r3, r3, #128
 629 0050 20F82230 		strh	r3, [r0, r2, lsl #2]	@ movhi
 630              	.L99:
 631 0054 0020     		movs	r0, #0
 632 0056 7047     		bx	lr
 633              	.L100:
 634 0058 30F82230 		ldrh	r3, [r0, r2, lsl #2]
 635 005c 5B04     		lsls	r3, r3, #17
 636 005e 0DD5     		bpl	.L103
 637 0060 30F82230 		ldrh	r3, [r0, r2, lsl #2]
 638 0064 23F4E043 		bic	r3, r3, #28672
 639 0068 23F07003 		bic	r3, r3, #112
 640 006c 1B04     		lsls	r3, r3, #16
 641 006e 1B0C     		lsrs	r3, r3, #16
 642 0070 43F44043 		orr	r3, r3, #49152
 643 0074 43F08003 		orr	r3, r3, #128
 644 0078 20F82230 		strh	r3, [r0, r2, lsl #2]	@ movhi
 645              	.L103:
 646 007c 30F82230 		ldrh	r3, [r0, r2, lsl #2]
 647 0080 23F48043 		bic	r3, r3, #16384
 648 0084 23F07003 		bic	r3, r3, #112
ARM GAS  /tmp/ccapKA5X.s 			page 12


 649 0088 1B04     		lsls	r3, r3, #16
 650 008a 1B0C     		lsrs	r3, r3, #16
 651 008c 83F44053 		eor	r3, r3, #12288
 652 0090 DAE7     		b	.L113
 654              		.section	.text.USB_StopDevice,"ax",%progbits
 655              		.align	1
 656              		.global	USB_StopDevice
 657              		.syntax unified
 658              		.thumb
 659              		.thumb_func
 660              		.fpu softvfp
 662              	USB_StopDevice:
 663              		@ args = 0, pretend = 0, frame = 0
 664              		@ frame_needed = 0, uses_anonymous_args = 0
 665              		@ link register save eliminated.
 666 0000 0122     		movs	r2, #1
 667 0002 0346     		mov	r3, r0
 668 0004 A0F84020 		strh	r2, [r0, #64]	@ movhi
 669 0008 0020     		movs	r0, #0
 670 000a 0322     		movs	r2, #3
 671 000c A3F84400 		strh	r0, [r3, #68]	@ movhi
 672 0010 A3F84020 		strh	r2, [r3, #64]	@ movhi
 673 0014 7047     		bx	lr
 675              		.section	.text.USB_SetDevAddress,"ax",%progbits
 676              		.align	1
 677              		.global	USB_SetDevAddress
 678              		.syntax unified
 679              		.thumb
 680              		.thumb_func
 681              		.fpu softvfp
 683              	USB_SetDevAddress:
 684              		@ args = 0, pretend = 0, frame = 0
 685              		@ frame_needed = 0, uses_anonymous_args = 0
 686              		@ link register save eliminated.
 687 0000 11B9     		cbnz	r1, .L116
 688 0002 8023     		movs	r3, #128
 689 0004 A0F84C30 		strh	r3, [r0, #76]	@ movhi
 690              	.L116:
 691 0008 0020     		movs	r0, #0
 692 000a 7047     		bx	lr
 694              		.section	.text.USB_DevConnect,"ax",%progbits
 695              		.align	1
 696              		.global	USB_DevConnect
 697              		.syntax unified
 698              		.thumb
 699              		.thumb_func
 700              		.fpu softvfp
 702              	USB_DevConnect:
 703              		@ args = 0, pretend = 0, frame = 0
 704              		@ frame_needed = 0, uses_anonymous_args = 0
 705              		@ link register save eliminated.
 706 0000 0020     		movs	r0, #0
 707 0002 7047     		bx	lr
 709              		.section	.text.USB_DevDisconnect,"ax",%progbits
 710              		.align	1
 711              		.global	USB_DevDisconnect
 712              		.syntax unified
ARM GAS  /tmp/ccapKA5X.s 			page 13


 713              		.thumb
 714              		.thumb_func
 715              		.fpu softvfp
 717              	USB_DevDisconnect:
 718              		@ args = 0, pretend = 0, frame = 0
 719              		@ frame_needed = 0, uses_anonymous_args = 0
 720              		@ link register save eliminated.
 721 0000 0020     		movs	r0, #0
 722 0002 7047     		bx	lr
 724              		.section	.text.USB_ReadInterrupts,"ax",%progbits
 725              		.align	1
 726              		.global	USB_ReadInterrupts
 727              		.syntax unified
 728              		.thumb
 729              		.thumb_func
 730              		.fpu softvfp
 732              	USB_ReadInterrupts:
 733              		@ args = 0, pretend = 0, frame = 0
 734              		@ frame_needed = 0, uses_anonymous_args = 0
 735              		@ link register save eliminated.
 736 0000 B0F84400 		ldrh	r0, [r0, #68]
 737 0004 80B2     		uxth	r0, r0
 738 0006 7047     		bx	lr
 740              		.section	.text.USB_ReadDevAllOutEpInterrupt,"ax",%progbits
 741              		.align	1
 742              		.global	USB_ReadDevAllOutEpInterrupt
 743              		.syntax unified
 744              		.thumb
 745              		.thumb_func
 746              		.fpu softvfp
 748              	USB_ReadDevAllOutEpInterrupt:
 749              		@ args = 0, pretend = 0, frame = 0
 750              		@ frame_needed = 0, uses_anonymous_args = 0
 751              		@ link register save eliminated.
 752 0000 0020     		movs	r0, #0
 753 0002 7047     		bx	lr
 755              		.section	.text.USB_ReadDevAllInEpInterrupt,"ax",%progbits
 756              		.align	1
 757              		.global	USB_ReadDevAllInEpInterrupt
 758              		.syntax unified
 759              		.thumb
 760              		.thumb_func
 761              		.fpu softvfp
 763              	USB_ReadDevAllInEpInterrupt:
 764              		@ args = 0, pretend = 0, frame = 0
 765              		@ frame_needed = 0, uses_anonymous_args = 0
 766              		@ link register save eliminated.
 767 0000 0020     		movs	r0, #0
 768 0002 7047     		bx	lr
 770              		.section	.text.USB_ReadDevOutEPInterrupt,"ax",%progbits
 771              		.align	1
 772              		.global	USB_ReadDevOutEPInterrupt
 773              		.syntax unified
 774              		.thumb
 775              		.thumb_func
 776              		.fpu softvfp
 778              	USB_ReadDevOutEPInterrupt:
ARM GAS  /tmp/ccapKA5X.s 			page 14


 779              		@ args = 0, pretend = 0, frame = 0
 780              		@ frame_needed = 0, uses_anonymous_args = 0
 781              		@ link register save eliminated.
 782 0000 0020     		movs	r0, #0
 783 0002 7047     		bx	lr
 785              		.section	.text.USB_ReadDevInEPInterrupt,"ax",%progbits
 786              		.align	1
 787              		.global	USB_ReadDevInEPInterrupt
 788              		.syntax unified
 789              		.thumb
 790              		.thumb_func
 791              		.fpu softvfp
 793              	USB_ReadDevInEPInterrupt:
 794              		@ args = 0, pretend = 0, frame = 0
 795              		@ frame_needed = 0, uses_anonymous_args = 0
 796              		@ link register save eliminated.
 797 0000 0020     		movs	r0, #0
 798 0002 7047     		bx	lr
 800              		.section	.text.USB_ClearInterrupts,"ax",%progbits
 801              		.align	1
 802              		.global	USB_ClearInterrupts
 803              		.syntax unified
 804              		.thumb
 805              		.thumb_func
 806              		.fpu softvfp
 808              	USB_ClearInterrupts:
 809              		@ args = 0, pretend = 0, frame = 0
 810              		@ frame_needed = 0, uses_anonymous_args = 0
 811              		@ link register save eliminated.
 812 0000 7047     		bx	lr
 814              		.section	.text.USB_EP0_OutStart,"ax",%progbits
 815              		.align	1
 816              		.global	USB_EP0_OutStart
 817              		.syntax unified
 818              		.thumb
 819              		.thumb_func
 820              		.fpu softvfp
 822              	USB_EP0_OutStart:
 823              		@ args = 0, pretend = 0, frame = 0
 824              		@ frame_needed = 0, uses_anonymous_args = 0
 825              		@ link register save eliminated.
 826 0000 0020     		movs	r0, #0
 827 0002 7047     		bx	lr
 829              		.section	.text.USB_ActivateRemoteWakeup,"ax",%progbits
 830              		.align	1
 831              		.global	USB_ActivateRemoteWakeup
 832              		.syntax unified
 833              		.thumb
 834              		.thumb_func
 835              		.fpu softvfp
 837              	USB_ActivateRemoteWakeup:
 838              		@ args = 0, pretend = 0, frame = 0
 839              		@ frame_needed = 0, uses_anonymous_args = 0
 840              		@ link register save eliminated.
 841 0000 B0F84030 		ldrh	r3, [r0, #64]
 842 0004 9BB2     		uxth	r3, r3
 843 0006 43F01003 		orr	r3, r3, #16
ARM GAS  /tmp/ccapKA5X.s 			page 15


 844 000a A0F84030 		strh	r3, [r0, #64]	@ movhi
 845 000e 0020     		movs	r0, #0
 846 0010 7047     		bx	lr
 848              		.section	.text.USB_DeActivateRemoteWakeup,"ax",%progbits
 849              		.align	1
 850              		.global	USB_DeActivateRemoteWakeup
 851              		.syntax unified
 852              		.thumb
 853              		.thumb_func
 854              		.fpu softvfp
 856              	USB_DeActivateRemoteWakeup:
 857              		@ args = 0, pretend = 0, frame = 0
 858              		@ frame_needed = 0, uses_anonymous_args = 0
 859              		@ link register save eliminated.
 860 0000 B0F84030 		ldrh	r3, [r0, #64]
 861 0004 23F01003 		bic	r3, r3, #16
 862 0008 1B04     		lsls	r3, r3, #16
 863 000a 1B0C     		lsrs	r3, r3, #16
 864 000c A0F84030 		strh	r3, [r0, #64]	@ movhi
 865 0010 0020     		movs	r0, #0
 866 0012 7047     		bx	lr
 868              		.section	.text.USB_WritePMA,"ax",%progbits
 869              		.align	1
 870              		.global	USB_WritePMA
 871              		.syntax unified
 872              		.thumb
 873              		.thumb_func
 874              		.fpu softvfp
 876              	USB_WritePMA:
 877              		@ args = 0, pretend = 0, frame = 0
 878              		@ frame_needed = 0, uses_anonymous_args = 0
 879              		@ link register save eliminated.
 880 0000 00EB4202 		add	r2, r0, r2, lsl #1
 881 0004 0133     		adds	r3, r3, #1
 882 0006 02F58062 		add	r2, r2, #1024
 883 000a 5B08     		lsrs	r3, r3, #1
 884 000c 02EB8303 		add	r3, r2, r3, lsl #2
 885              	.L129:
 886 0010 9A42     		cmp	r2, r3
 887 0012 00D1     		bne	.L130
 888 0014 7047     		bx	lr
 889              	.L130:
 890 0016 31F8020B 		ldrh	r0, [r1], #2	@ unaligned
 891 001a 22F8040B 		strh	r0, [r2], #4	@ movhi
 892 001e F7E7     		b	.L129
 894              		.section	.text.USB_EPStartXfer,"ax",%progbits
 895              		.align	1
 896              		.global	USB_EPStartXfer
 897              		.syntax unified
 898              		.thumb
 899              		.thumb_func
 900              		.fpu softvfp
 902              	USB_EPStartXfer:
 903              		@ args = 0, pretend = 0, frame = 0
 904              		@ frame_needed = 0, uses_anonymous_args = 0
 905 0000 F8B5     		push	{r3, r4, r5, r6, r7, lr}
 906 0002 0C46     		mov	r4, r1
ARM GAS  /tmp/ccapKA5X.s 			page 16


 907 0004 4978     		ldrb	r1, [r1, #1]	@ zero_extendqisi2
 908 0006 0546     		mov	r5, r0
 909 0008 0129     		cmp	r1, #1
 910 000a 227B     		ldrb	r2, [r4, #12]	@ zero_extendqisi2
 911 000c 40F08E81 		bne	.L132
 912 0010 D4F810E0 		ldr	lr, [r4, #16]
 913 0014 A669     		ldr	r6, [r4, #24]
 914 0016 6169     		ldr	r1, [r4, #20]
 915 0018 7645     		cmp	r6, lr
 916 001a 28BF     		it	cs
 917 001c 7646     		movcs	r6, lr
 918 001e 02BB     		cbnz	r2, .L133
 919 0020 B6B2     		uxth	r6, r6
 920 0022 E288     		ldrh	r2, [r4, #6]
 921 0024 3346     		mov	r3, r6
 922 0026 FFF7FEFF 		bl	USB_WritePMA
 923 002a B5F85020 		ldrh	r2, [r5, #80]
 924 002e 2178     		ldrb	r1, [r4]	@ zero_extendqisi2
 925 0030 90B2     		uxth	r0, r2
 926 0032 05F20442 		addw	r2, r5, #1028
 927 0036 0901     		lsls	r1, r1, #4
 928 0038 0244     		add	r2, r2, r0
 929 003a 8E52     		strh	r6, [r1, r2]	@ movhi
 930              	.L134:
 931 003c 2278     		ldrb	r2, [r4]	@ zero_extendqisi2
 932 003e 35F82230 		ldrh	r3, [r5, r2, lsl #2]
 933 0042 23F4E043 		bic	r3, r3, #28672
 934 0046 23F04003 		bic	r3, r3, #64
 935 004a 1B04     		lsls	r3, r3, #16
 936 004c 1B0C     		lsrs	r3, r3, #16
 937 004e 83F03003 		eor	r3, r3, #48
 938              	.L249:
 939 0052 0020     		movs	r0, #0
 940 0054 43F40043 		orr	r3, r3, #32768
 941 0058 43F08003 		orr	r3, r3, #128
 942 005c 25F82230 		strh	r3, [r5, r2, lsl #2]	@ movhi
 943              	.L238:
 944 0060 F8BD     		pop	{r3, r4, r5, r6, r7, pc}
 945              	.L133:
 946 0062 E278     		ldrb	r2, [r4, #3]	@ zero_extendqisi2
 947 0064 2778     		ldrb	r7, [r4]	@ zero_extendqisi2
 948 0066 022A     		cmp	r2, #2
 949 0068 236A     		ldr	r3, [r4, #32]
 950 006a 30F82720 		ldrh	r2, [r0, r7, lsl #2]
 951 006e 4FEA071C 		lsl	ip, r7, #4
 952 0072 40F0BB80 		bne	.L135
 953 0076 9E45     		cmp	lr, r3
 954 0078 80F09F80 		bcs	.L136
 955 007c 22F4E042 		bic	r2, r2, #28672
 956 0080 22F07002 		bic	r2, r2, #112
 957 0084 1204     		lsls	r2, r2, #16
 958 0086 120C     		lsrs	r2, r2, #16
 959 0088 42F40142 		orr	r2, r2, #33024
 960 008c 42F08002 		orr	r2, r2, #128
 961 0090 20F82720 		strh	r2, [r0, r7, lsl #2]	@ movhi
 962 0094 30F82770 		ldrh	r7, [r0, r7, lsl #2]
 963 0098 9B1B     		subs	r3, r3, r6
ARM GAS  /tmp/ccapKA5X.s 			page 17


 964 009a 17F04007 		ands	r7, r7, #64
 965 009e 2362     		str	r3, [r4, #32]
 966 00a0 B0F85020 		ldrh	r2, [r0, #80]
 967 00a4 B3B2     		uxth	r3, r6
 968 00a6 44D0     		beq	.L137
 969 00a8 97B2     		uxth	r7, r2
 970 00aa 00F20C42 		addw	r2, r0, #1036
 971 00ae 3A44     		add	r2, r2, r7
 972 00b0 22F80C30 		strh	r3, [r2, ip]	@ movhi
 973 00b4 6289     		ldrh	r2, [r4, #10]
 974 00b6 FFF7FEFF 		bl	USB_WritePMA
 975 00ba 226A     		ldr	r2, [r4, #32]
 976 00bc 2369     		ldr	r3, [r4, #16]
 977 00be 6169     		ldr	r1, [r4, #20]
 978 00c0 9A42     		cmp	r2, r3
 979 00c2 8ABF     		itet	hi
 980 00c4 931B     		subhi	r3, r2, r6
 981 00c6 0023     		movls	r3, #0
 982 00c8 3246     		movhi	r2, r6
 983 00ca 6078     		ldrb	r0, [r4, #1]	@ zero_extendqisi2
 984 00cc 3144     		add	r1, r1, r6
 985 00ce 2362     		str	r3, [r4, #32]
 986 00d0 6161     		str	r1, [r4, #20]
 987 00d2 93B2     		uxth	r3, r2
 988 00d4 0028     		cmp	r0, #0
 989 00d6 40F0D780 		bne	.L155
 990 00da B5F85000 		ldrh	r0, [r5, #80]
 991 00de 2678     		ldrb	r6, [r4]	@ zero_extendqisi2
 992 00e0 80B2     		uxth	r0, r0
 993 00e2 05F20447 		addw	r7, r5, #1028
 994 00e6 3601     		lsls	r6, r6, #4
 995 00e8 3844     		add	r0, r0, r7
 996 00ea 6AB9     		cbnz	r2, .L140
 997 00ec 325A     		ldrh	r2, [r6, r0]
 998 00ee 22F4F842 		bic	r2, r2, #31744
 999 00f2 1204     		lsls	r2, r2, #16
 1000 00f4 120C     		lsrs	r2, r2, #16
 1001 00f6 3252     		strh	r2, [r6, r0]	@ movhi
 1002 00f8 325A     		ldrh	r2, [r6, r0]
 1003 00fa 6FEA4242 		mvn	r2, r2, lsl #17
 1004 00fe 6FEA5242 		mvn	r2, r2, lsr #17
 1005              	.L241:
 1006 0102 92B2     		uxth	r2, r2
 1007 0104 3252     		strh	r2, [r6, r0]	@ movhi
 1008 0106 08E0     		b	.L158
 1009              	.L140:
 1010 0108 3E2A     		cmp	r2, #62
 1011 010a 09D8     		bhi	.L142
 1012 010c 5708     		lsrs	r7, r2, #1
 1013 010e D207     		lsls	r2, r2, #31
 1014 0110 48BF     		it	mi
 1015 0112 0137     		addmi	r7, r7, #1
 1016 0114 BF02     		lsls	r7, r7, #10
 1017 0116 BFB2     		uxth	r7, r7
 1018 0118 3752     		strh	r7, [r6, r0]	@ movhi
 1019              	.L158:
 1020 011a 2289     		ldrh	r2, [r4, #8]
ARM GAS  /tmp/ccapKA5X.s 			page 18


 1021              	.L243:
 1022 011c 2846     		mov	r0, r5
 1023 011e 62E0     		b	.L244
 1024              	.L142:
 1025 0120 5709     		lsrs	r7, r2, #5
 1026 0122 D206     		lsls	r2, r2, #27
 1027 0124 914A     		ldr	r2, .L262
 1028 0126 08BF     		it	eq
 1029 0128 07F1FF37 		addeq	r7, r7, #-1
 1030 012c 42EA8722 		orr	r2, r2, r7, lsl #10
 1031 0130 E7E7     		b	.L241
 1032              	.L137:
 1033 0132 1FFA82FE 		uxth	lr, r2
 1034 0136 00F20442 		addw	r2, r0, #1028
 1035 013a 7244     		add	r2, r2, lr
 1036 013c 22F80C30 		strh	r3, [r2, ip]	@ movhi
 1037 0140 2289     		ldrh	r2, [r4, #8]
 1038 0142 FFF7FEFF 		bl	USB_WritePMA
 1039 0146 226A     		ldr	r2, [r4, #32]
 1040 0148 2369     		ldr	r3, [r4, #16]
 1041 014a 6169     		ldr	r1, [r4, #20]
 1042 014c 9A42     		cmp	r2, r3
 1043 014e 84BF     		itt	hi
 1044 0150 971B     		subhi	r7, r2, r6
 1045 0152 3246     		movhi	r2, r6
 1046 0154 6078     		ldrb	r0, [r4, #1]	@ zero_extendqisi2
 1047 0156 3144     		add	r1, r1, r6
 1048 0158 6161     		str	r1, [r4, #20]
 1049 015a 2762     		str	r7, [r4, #32]
 1050 015c 93B2     		uxth	r3, r2
 1051 015e 0028     		cmp	r0, #0
 1052 0160 40F0D780 		bne	.L162
 1053 0164 B5F85000 		ldrh	r0, [r5, #80]
 1054 0168 2678     		ldrb	r6, [r4]	@ zero_extendqisi2
 1055 016a 80B2     		uxth	r0, r0
 1056 016c 05F20C47 		addw	r7, r5, #1036
 1057 0170 3601     		lsls	r6, r6, #4
 1058 0172 3844     		add	r0, r0, r7
 1059 0174 6AB9     		cbnz	r2, .L147
 1060 0176 325A     		ldrh	r2, [r6, r0]
 1061 0178 22F4F842 		bic	r2, r2, #31744
 1062 017c 1204     		lsls	r2, r2, #16
 1063 017e 120C     		lsrs	r2, r2, #16
 1064 0180 3252     		strh	r2, [r6, r0]	@ movhi
 1065 0182 325A     		ldrh	r2, [r6, r0]
 1066 0184 6FEA4242 		mvn	r2, r2, lsl #17
 1067 0188 6FEA5242 		mvn	r2, r2, lsr #17
 1068              	.L242:
 1069 018c 92B2     		uxth	r2, r2
 1070 018e 3252     		strh	r2, [r6, r0]	@ movhi
 1071 0190 08E0     		b	.L165
 1072              	.L147:
 1073 0192 3E2A     		cmp	r2, #62
 1074 0194 08D8     		bhi	.L149
 1075 0196 5708     		lsrs	r7, r2, #1
 1076 0198 D207     		lsls	r2, r2, #31
 1077 019a 48BF     		it	mi
ARM GAS  /tmp/ccapKA5X.s 			page 19


 1078 019c 0137     		addmi	r7, r7, #1
 1079 019e BF02     		lsls	r7, r7, #10
 1080 01a0 BFB2     		uxth	r7, r7
 1081 01a2 3752     		strh	r7, [r6, r0]	@ movhi
 1082              	.L165:
 1083 01a4 6289     		ldrh	r2, [r4, #10]
 1084 01a6 B9E7     		b	.L243
 1085              	.L149:
 1086 01a8 5709     		lsrs	r7, r2, #5
 1087 01aa D206     		lsls	r2, r2, #27
 1088 01ac 6F4A     		ldr	r2, .L262
 1089 01ae 08BF     		it	eq
 1090 01b0 07F1FF37 		addeq	r7, r7, #-1
 1091 01b4 42EA8722 		orr	r2, r2, r7, lsl #10
 1092 01b8 E8E7     		b	.L242
 1093              	.L136:
 1094 01ba 22F4E242 		bic	r2, r2, #28928
 1095 01be 22F07002 		bic	r2, r2, #112
 1096 01c2 1204     		lsls	r2, r2, #16
 1097 01c4 120C     		lsrs	r2, r2, #16
 1098 01c6 42F40042 		orr	r2, r2, #32768
 1099 01ca 42F08002 		orr	r2, r2, #128
 1100 01ce 20F82720 		strh	r2, [r0, r7, lsl #2]	@ movhi
 1101 01d2 B0F85020 		ldrh	r2, [r0, #80]
 1102 01d6 9BB2     		uxth	r3, r3
 1103 01d8 96B2     		uxth	r6, r2
 1104 01da 00F20442 		addw	r2, r0, #1028
 1105 01de 3244     		add	r2, r2, r6
 1106 01e0 22F80C30 		strh	r3, [r2, ip]	@ movhi
 1107 01e4 2289     		ldrh	r2, [r4, #8]
 1108              	.L244:
 1109 01e6 FFF7FEFF 		bl	USB_WritePMA
 1110 01ea 27E7     		b	.L134
 1111              	.L135:
 1112 01ec 22F4E042 		bic	r2, r2, #28672
 1113 01f0 22F07002 		bic	r2, r2, #112
 1114 01f4 1204     		lsls	r2, r2, #16
 1115 01f6 120C     		lsrs	r2, r2, #16
 1116 01f8 42F40142 		orr	r2, r2, #33024
 1117 01fc 42F08002 		orr	r2, r2, #128
 1118 0200 20F82720 		strh	r2, [r0, r7, lsl #2]	@ movhi
 1119 0204 30F82770 		ldrh	r7, [r0, r7, lsl #2]
 1120 0208 9B1B     		subs	r3, r3, r6
 1121 020a 17F04007 		ands	r7, r7, #64
 1122 020e 2362     		str	r3, [r4, #32]
 1123 0210 B0F85020 		ldrh	r2, [r0, #80]
 1124 0214 B3B2     		uxth	r3, r6
 1125 0216 44D0     		beq	.L152
 1126 0218 97B2     		uxth	r7, r2
 1127 021a 00F20C42 		addw	r2, r0, #1036
 1128 021e 3A44     		add	r2, r2, r7
 1129 0220 22F80C30 		strh	r3, [r2, ip]	@ movhi
 1130 0224 6289     		ldrh	r2, [r4, #10]
 1131 0226 FFF7FEFF 		bl	USB_WritePMA
 1132 022a 226A     		ldr	r2, [r4, #32]
 1133 022c 2369     		ldr	r3, [r4, #16]
 1134 022e 6169     		ldr	r1, [r4, #20]
ARM GAS  /tmp/ccapKA5X.s 			page 20


 1135 0230 9A42     		cmp	r2, r3
 1136 0232 8ABF     		itet	hi
 1137 0234 931B     		subhi	r3, r2, r6
 1138 0236 0023     		movls	r3, #0
 1139 0238 3246     		movhi	r2, r6
 1140 023a 3144     		add	r1, r1, r6
 1141 023c 6161     		str	r1, [r4, #20]
 1142 023e 2362     		str	r3, [r4, #32]
 1143 0240 002A     		cmp	r2, #0
 1144 0242 3FF4FBAE 		beq	.L134
 1145 0246 6078     		ldrb	r0, [r4, #1]	@ zero_extendqisi2
 1146 0248 93B2     		uxth	r3, r2
 1147 024a E8B9     		cbnz	r0, .L155
 1148 024c B5F85060 		ldrh	r6, [r5, #80]
 1149 0250 2778     		ldrb	r7, [r4]	@ zero_extendqisi2
 1150 0252 B0B2     		uxth	r0, r6
 1151 0254 3E2A     		cmp	r2, #62
 1152 0256 05F20446 		addw	r6, r5, #1028
 1153 025a 4FEA0717 		lsl	r7, r7, #4
 1154 025e 0644     		add	r6, r6, r0
 1155 0260 07D8     		bhi	.L156
 1156 0262 5008     		lsrs	r0, r2, #1
 1157 0264 D207     		lsls	r2, r2, #31
 1158 0266 48BF     		it	mi
 1159 0268 0130     		addmi	r0, r0, #1
 1160 026a 8002     		lsls	r0, r0, #10
 1161 026c 80B2     		uxth	r0, r0
 1162 026e B853     		strh	r0, [r7, r6]	@ movhi
 1163 0270 53E7     		b	.L158
 1164              	.L156:
 1165 0272 5009     		lsrs	r0, r2, #5
 1166 0274 D206     		lsls	r2, r2, #27
 1167 0276 3D4A     		ldr	r2, .L262
 1168 0278 08BF     		it	eq
 1169 027a 00F1FF30 		addeq	r0, r0, #-1
 1170 027e 42EA8022 		orr	r2, r2, r0, lsl #10
 1171 0282 92B2     		uxth	r2, r2
 1172 0284 BA53     		strh	r2, [r7, r6]	@ movhi
 1173 0286 48E7     		b	.L158
 1174              	.L155:
 1175 0288 0128     		cmp	r0, #1
 1176 028a 7FF446AF 		bne	.L158
 1177 028e B5F85020 		ldrh	r2, [r5, #80]
 1178 0292 2078     		ldrb	r0, [r4]	@ zero_extendqisi2
 1179 0294 96B2     		uxth	r6, r2
 1180 0296 05F20442 		addw	r2, r5, #1028
 1181 029a 0001     		lsls	r0, r0, #4
 1182 029c 3244     		add	r2, r2, r6
 1183 029e 8352     		strh	r3, [r0, r2]	@ movhi
 1184 02a0 3BE7     		b	.L158
 1185              	.L152:
 1186 02a2 1FFA82FE 		uxth	lr, r2
 1187 02a6 00F20442 		addw	r2, r0, #1028
 1188 02aa 7244     		add	r2, r2, lr
 1189 02ac 22F80C30 		strh	r3, [r2, ip]	@ movhi
 1190 02b0 2289     		ldrh	r2, [r4, #8]
 1191 02b2 FFF7FEFF 		bl	USB_WritePMA
ARM GAS  /tmp/ccapKA5X.s 			page 21


 1192 02b6 226A     		ldr	r2, [r4, #32]
 1193 02b8 2369     		ldr	r3, [r4, #16]
 1194 02ba 6169     		ldr	r1, [r4, #20]
 1195 02bc 9A42     		cmp	r2, r3
 1196 02be 84BF     		itt	hi
 1197 02c0 971B     		subhi	r7, r2, r6
 1198 02c2 3246     		movhi	r2, r6
 1199 02c4 3144     		add	r1, r1, r6
 1200 02c6 6161     		str	r1, [r4, #20]
 1201 02c8 2762     		str	r7, [r4, #32]
 1202 02ca 002A     		cmp	r2, #0
 1203 02cc 3FF4B6AE 		beq	.L134
 1204 02d0 6078     		ldrb	r0, [r4, #1]	@ zero_extendqisi2
 1205 02d2 93B2     		uxth	r3, r2
 1206 02d4 E8B9     		cbnz	r0, .L162
 1207 02d6 B5F85060 		ldrh	r6, [r5, #80]
 1208 02da 2778     		ldrb	r7, [r4]	@ zero_extendqisi2
 1209 02dc B0B2     		uxth	r0, r6
 1210 02de 3E2A     		cmp	r2, #62
 1211 02e0 05F20C46 		addw	r6, r5, #1036
 1212 02e4 4FEA0717 		lsl	r7, r7, #4
 1213 02e8 0644     		add	r6, r6, r0
 1214 02ea 07D8     		bhi	.L163
 1215 02ec 5008     		lsrs	r0, r2, #1
 1216 02ee D207     		lsls	r2, r2, #31
 1217 02f0 48BF     		it	mi
 1218 02f2 0130     		addmi	r0, r0, #1
 1219 02f4 8002     		lsls	r0, r0, #10
 1220 02f6 80B2     		uxth	r0, r0
 1221 02f8 B853     		strh	r0, [r7, r6]	@ movhi
 1222 02fa 53E7     		b	.L165
 1223              	.L163:
 1224 02fc 5009     		lsrs	r0, r2, #5
 1225 02fe D206     		lsls	r2, r2, #27
 1226 0300 1A4A     		ldr	r2, .L262
 1227 0302 08BF     		it	eq
 1228 0304 00F1FF30 		addeq	r0, r0, #-1
 1229 0308 42EA8022 		orr	r2, r2, r0, lsl #10
 1230 030c 92B2     		uxth	r2, r2
 1231 030e BA53     		strh	r2, [r7, r6]	@ movhi
 1232 0310 48E7     		b	.L165
 1233              	.L162:
 1234 0312 0128     		cmp	r0, #1
 1235 0314 7FF446AF 		bne	.L165
 1236 0318 B5F85020 		ldrh	r2, [r5, #80]
 1237 031c 2078     		ldrb	r0, [r4]	@ zero_extendqisi2
 1238 031e 96B2     		uxth	r6, r2
 1239 0320 05F20C42 		addw	r2, r5, #1036
 1240 0324 0001     		lsls	r0, r0, #4
 1241 0326 3244     		add	r2, r2, r6
 1242 0328 8352     		strh	r3, [r0, r2]	@ movhi
 1243 032a 3BE7     		b	.L165
 1244              	.L132:
 1245 032c 02BB     		cbnz	r2, .L168
 1246 032e A369     		ldr	r3, [r4, #24]
 1247 0330 2169     		ldr	r1, [r4, #16]
 1248 0332 8B42     		cmp	r3, r1
ARM GAS  /tmp/ccapKA5X.s 			page 22


 1249 0334 88BF     		it	hi
 1250 0336 5A1A     		subhi	r2, r3, r1
 1251 0338 A261     		str	r2, [r4, #24]
 1252 033a B0F85020 		ldrh	r2, [r0, #80]
 1253 033e 88BF     		it	hi
 1254 0340 0B46     		movhi	r3, r1
 1255 0342 2178     		ldrb	r1, [r4]	@ zero_extendqisi2
 1256 0344 92B2     		uxth	r2, r2
 1257 0346 00F20C40 		addw	r0, r0, #1036
 1258 034a 0901     		lsls	r1, r1, #4
 1259 034c 0244     		add	r2, r2, r0
 1260              	.L261:
 1261 034e 002B     		cmp	r3, #0
 1262 0350 00F0C880 		beq	.L199
 1263 0354 3E2B     		cmp	r3, #62
 1264 0356 00F2D380 		bhi	.L194
 1265 035a 5808     		lsrs	r0, r3, #1
 1266 035c DE07     		lsls	r6, r3, #31
 1267 035e 48BF     		it	mi
 1268 0360 0130     		addmi	r0, r0, #1
 1269 0362 8002     		lsls	r0, r0, #10
 1270 0364 80B2     		uxth	r0, r0
 1271 0366 5052     		strh	r0, [r2, r1]	@ movhi
 1272 0368 4BE0     		b	.L171
 1273              	.L263:
 1274 036a 00BF     		.align	2
 1275              	.L262:
 1276 036c 0080FFFF 		.word	-32768
 1277              	.L168:
 1278 0370 E378     		ldrb	r3, [r4, #3]	@ zero_extendqisi2
 1279 0372 022B     		cmp	r3, #2
 1280 0374 79D1     		bne	.L175
 1281 0376 51BB     		cbnz	r1, .L176
 1282 0378 B0F85020 		ldrh	r2, [r0, #80]
 1283 037c 2178     		ldrb	r1, [r4]	@ zero_extendqisi2
 1284 037e 93B2     		uxth	r3, r2
 1285 0380 00F20442 		addw	r2, r0, #1028
 1286 0384 1A44     		add	r2, r2, r3
 1287 0386 2369     		ldr	r3, [r4, #16]
 1288 0388 0901     		lsls	r1, r1, #4
 1289 038a 002B     		cmp	r3, #0
 1290 038c 45D1     		bne	.L177
 1291 038e 885A     		ldrh	r0, [r1, r2]
 1292 0390 20F4F840 		bic	r0, r0, #31744
 1293 0394 0004     		lsls	r0, r0, #16
 1294 0396 000C     		lsrs	r0, r0, #16
 1295 0398 8852     		strh	r0, [r1, r2]	@ movhi
 1296 039a 885A     		ldrh	r0, [r1, r2]
 1297 039c 6FEA4040 		mvn	r0, r0, lsl #17
 1298 03a0 6FEA5040 		mvn	r0, r0, lsr #17
 1299              	.L247:
 1300 03a4 80B2     		uxth	r0, r0
 1301 03a6 8852     		strh	r0, [r1, r2]	@ movhi
 1302 03a8 B5F85010 		ldrh	r1, [r5, #80]
 1303 03ac 2278     		ldrb	r2, [r4]	@ zero_extendqisi2
 1304 03ae 89B2     		uxth	r1, r1
 1305 03b0 05F20C40 		addw	r0, r5, #1036
ARM GAS  /tmp/ccapKA5X.s 			page 23


 1306 03b4 1201     		lsls	r2, r2, #4
 1307 03b6 0144     		add	r1, r1, r0
 1308 03b8 002B     		cmp	r3, #0
 1309 03ba 3FD0     		beq	.L197
 1310 03bc 3E2B     		cmp	r3, #62
 1311 03be 4BD8     		bhi	.L182
 1312 03c0 5808     		lsrs	r0, r3, #1
 1313 03c2 DB07     		lsls	r3, r3, #31
 1314 03c4 48BF     		it	mi
 1315 03c6 0130     		addmi	r0, r0, #1
 1316 03c8 8002     		lsls	r0, r0, #10
 1317 03ca 80B2     		uxth	r0, r0
 1318 03cc 5052     		strh	r0, [r2, r1]	@ movhi
 1319              	.L176:
 1320 03ce E369     		ldr	r3, [r4, #28]
 1321 03d0 BBB1     		cbz	r3, .L171
 1322 03d2 44F24003 		movw	r3, #16448
 1323 03d6 2278     		ldrb	r2, [r4]	@ zero_extendqisi2
 1324 03d8 35F82210 		ldrh	r1, [r5, r2, lsl #2]
 1325 03dc 03EA0100 		and	r0, r3, r1
 1326 03e0 8B43     		bics	r3, r3, r1
 1327 03e2 00D0     		beq	.L186
 1328 03e4 68B9     		cbnz	r0, .L171
 1329              	.L186:
 1330 03e6 35F82230 		ldrh	r3, [r5, r2, lsl #2]
 1331 03ea 23F4E043 		bic	r3, r3, #28672
 1332 03ee 23F07003 		bic	r3, r3, #112
 1333 03f2 1B04     		lsls	r3, r3, #16
 1334 03f4 1B0C     		lsrs	r3, r3, #16
 1335 03f6 43F40043 		orr	r3, r3, #32768
 1336 03fa 43F0C003 		orr	r3, r3, #192
 1337 03fe 25F82230 		strh	r3, [r5, r2, lsl #2]	@ movhi
 1338              	.L171:
 1339 0402 2278     		ldrb	r2, [r4]	@ zero_extendqisi2
 1340 0404 35F82230 		ldrh	r3, [r5, r2, lsl #2]
 1341 0408 23F48043 		bic	r3, r3, #16384
 1342 040c 23F07003 		bic	r3, r3, #112
 1343 0410 1B04     		lsls	r3, r3, #16
 1344 0412 1B0C     		lsrs	r3, r3, #16
 1345 0414 83F44053 		eor	r3, r3, #12288
 1346 0418 1BE6     		b	.L249
 1347              	.L177:
 1348 041a 3E2B     		cmp	r3, #62
 1349 041c 05D8     		bhi	.L179
 1350 041e 5808     		lsrs	r0, r3, #1
 1351 0420 DE07     		lsls	r6, r3, #31
 1352 0422 48BF     		it	mi
 1353 0424 0130     		addmi	r0, r0, #1
 1354 0426 8002     		lsls	r0, r0, #10
 1355 0428 BCE7     		b	.L247
 1356              	.L179:
 1357 042a 5E09     		lsrs	r6, r3, #5
 1358 042c D806     		lsls	r0, r3, #27
 1359 042e 3A48     		ldr	r0, .L264
 1360 0430 08BF     		it	eq
 1361 0432 06F1FF36 		addeq	r6, r6, #-1
 1362 0436 40EA8620 		orr	r0, r0, r6, lsl #10
ARM GAS  /tmp/ccapKA5X.s 			page 24


 1363 043a B3E7     		b	.L247
 1364              	.L197:
 1365 043c 535A     		ldrh	r3, [r2, r1]
 1366 043e 23F4F843 		bic	r3, r3, #31744
 1367 0442 1B04     		lsls	r3, r3, #16
 1368 0444 1B0C     		lsrs	r3, r3, #16
 1369 0446 5352     		strh	r3, [r2, r1]	@ movhi
 1370 0448 535A     		ldrh	r3, [r2, r1]
 1371 044a 6FEA4343 		mvn	r3, r3, lsl #17
 1372 044e 6FEA5343 		mvn	r3, r3, lsr #17
 1373              	.L245:
 1374 0452 9BB2     		uxth	r3, r3
 1375 0454 5352     		strh	r3, [r2, r1]	@ movhi
 1376 0456 BAE7     		b	.L176
 1377              	.L182:
 1378 0458 5809     		lsrs	r0, r3, #5
 1379 045a DF06     		lsls	r7, r3, #27
 1380 045c 2E4B     		ldr	r3, .L264
 1381 045e 08BF     		it	eq
 1382 0460 00F1FF30 		addeq	r0, r0, #-1
 1383 0464 43EA8023 		orr	r3, r3, r0, lsl #10
 1384 0468 F3E7     		b	.L245
 1385              	.L175:
 1386 046a 012B     		cmp	r3, #1
 1387 046c 51D1     		bne	.L206
 1388 046e A369     		ldr	r3, [r4, #24]
 1389 0470 2269     		ldr	r2, [r4, #16]
 1390 0472 9342     		cmp	r3, r2
 1391 0474 94BF     		ite	ls
 1392 0476 0020     		movls	r0, #0
 1393 0478 981A     		subhi	r0, r3, r2
 1394 047a A061     		str	r0, [r4, #24]
 1395 047c 88BF     		it	hi
 1396 047e 1346     		movhi	r3, r2
 1397 0480 0029     		cmp	r1, #0
 1398 0482 BED1     		bne	.L171
 1399 0484 B5F85020 		ldrh	r2, [r5, #80]
 1400 0488 2178     		ldrb	r1, [r4]	@ zero_extendqisi2
 1401 048a 92B2     		uxth	r2, r2
 1402 048c 05F20440 		addw	r0, r5, #1028
 1403 0490 0901     		lsls	r1, r1, #4
 1404 0492 0244     		add	r2, r2, r0
 1405 0494 ABB9     		cbnz	r3, .L189
 1406 0496 885A     		ldrh	r0, [r1, r2]
 1407 0498 20F4F840 		bic	r0, r0, #31744
 1408 049c 0004     		lsls	r0, r0, #16
 1409 049e 000C     		lsrs	r0, r0, #16
 1410 04a0 8852     		strh	r0, [r1, r2]	@ movhi
 1411 04a2 885A     		ldrh	r0, [r1, r2]
 1412 04a4 6FEA4040 		mvn	r0, r0, lsl #17
 1413 04a8 6FEA5040 		mvn	r0, r0, lsr #17
 1414              	.L248:
 1415 04ac 80B2     		uxth	r0, r0
 1416 04ae 8852     		strh	r0, [r1, r2]	@ movhi
 1417 04b0 B5F85010 		ldrh	r1, [r5, #80]
 1418 04b4 2278     		ldrb	r2, [r4]	@ zero_extendqisi2
 1419 04b6 89B2     		uxth	r1, r1
ARM GAS  /tmp/ccapKA5X.s 			page 25


 1420 04b8 05F20C40 		addw	r0, r5, #1036
 1421 04bc 1201     		lsls	r2, r2, #4
 1422 04be 0144     		add	r1, r1, r0
 1423 04c0 45E7     		b	.L261
 1424              	.L189:
 1425 04c2 3E2B     		cmp	r3, #62
 1426 04c4 05D8     		bhi	.L191
 1427 04c6 5808     		lsrs	r0, r3, #1
 1428 04c8 DE07     		lsls	r6, r3, #31
 1429 04ca 48BF     		it	mi
 1430 04cc 0130     		addmi	r0, r0, #1
 1431 04ce 8002     		lsls	r0, r0, #10
 1432 04d0 ECE7     		b	.L248
 1433              	.L191:
 1434 04d2 5E09     		lsrs	r6, r3, #5
 1435 04d4 1048     		ldr	r0, .L264
 1436 04d6 DF06     		lsls	r7, r3, #27
 1437 04d8 08BF     		it	eq
 1438 04da 06F1FF36 		addeq	r6, r6, #-1
 1439 04de 40EA8620 		orr	r0, r0, r6, lsl #10
 1440 04e2 E3E7     		b	.L248
 1441              	.L199:
 1442 04e4 535A     		ldrh	r3, [r2, r1]
 1443 04e6 23F4F843 		bic	r3, r3, #31744
 1444 04ea 1B04     		lsls	r3, r3, #16
 1445 04ec 1B0C     		lsrs	r3, r3, #16
 1446 04ee 5352     		strh	r3, [r2, r1]	@ movhi
 1447 04f0 535A     		ldrh	r3, [r2, r1]
 1448 04f2 6FEA4343 		mvn	r3, r3, lsl #17
 1449 04f6 6FEA5343 		mvn	r3, r3, lsr #17
 1450              	.L246:
 1451 04fa 9BB2     		uxth	r3, r3
 1452 04fc 5352     		strh	r3, [r2, r1]	@ movhi
 1453 04fe 80E7     		b	.L171
 1454              	.L194:
 1455 0500 5809     		lsrs	r0, r3, #5
 1456 0502 DB06     		lsls	r3, r3, #27
 1457 0504 044B     		ldr	r3, .L264
 1458 0506 08BF     		it	eq
 1459 0508 00F1FF30 		addeq	r0, r0, #-1
 1460 050c 43EA8023 		orr	r3, r3, r0, lsl #10
 1461 0510 F3E7     		b	.L246
 1462              	.L206:
 1463 0512 0120     		movs	r0, #1
 1464 0514 A4E5     		b	.L238
 1465              	.L265:
 1466 0516 00BF     		.align	2
 1467              	.L264:
 1468 0518 0080FFFF 		.word	-32768
 1470              		.section	.text.USB_ReadPMA,"ax",%progbits
 1471              		.align	1
 1472              		.global	USB_ReadPMA
 1473              		.syntax unified
 1474              		.thumb
 1475              		.thumb_func
 1476              		.fpu softvfp
 1478              	USB_ReadPMA:
ARM GAS  /tmp/ccapKA5X.s 			page 26


 1479              		@ args = 0, pretend = 0, frame = 0
 1480              		@ frame_needed = 0, uses_anonymous_args = 0
 1481 0000 00EB4202 		add	r2, r0, r2, lsl #1
 1482 0004 F0B5     		push	{r4, r5, r6, r7, lr}
 1483 0006 02F58062 		add	r2, r2, #1024
 1484 000a 5D08     		lsrs	r5, r3, #1
 1485 000c 0C46     		mov	r4, r1
 1486 000e 1746     		mov	r7, r2
 1487 0010 2E46     		mov	r6, r5
 1488              	.L267:
 1489 0012 0234     		adds	r4, r4, #2
 1490 0014 36B9     		cbnz	r6, .L268
 1491 0016 DB07     		lsls	r3, r3, #31
 1492 0018 44BF     		itt	mi
 1493 001a 32F82530 		ldrhmi	r3, [r2, r5, lsl #2]
 1494 001e 01F81530 		strbmi	r3, [r1, r5, lsl #1]
 1495 0022 F0BD     		pop	{r4, r5, r6, r7, pc}
 1496              	.L268:
 1497 0024 37F8040B 		ldrh	r0, [r7], #4
 1498 0028 013E     		subs	r6, r6, #1
 1499 002a 80B2     		uxth	r0, r0
 1500 002c 04F8020C 		strb	r0, [r4, #-2]
 1501 0030 000A     		lsrs	r0, r0, #8
 1502 0032 04F8010C 		strb	r0, [r4, #-1]
 1503 0036 ECE7     		b	.L267
 1505              		.ident	"GCC: (15:10.3-2021.07-4) 10.3.1 20210621 (release)"
ARM GAS  /tmp/ccapKA5X.s 			page 27


DEFINED SYMBOLS
                            *ABS*:0000000000000000 stm32f1xx_ll_usb.c
     /tmp/ccapKA5X.s:14     .text.USB_CoreInit:0000000000000000 $t
     /tmp/ccapKA5X.s:22     .text.USB_CoreInit:0000000000000000 USB_CoreInit
     /tmp/ccapKA5X.s:34     .text.USB_EnableGlobalInt:0000000000000000 $t
     /tmp/ccapKA5X.s:41     .text.USB_EnableGlobalInt:0000000000000000 USB_EnableGlobalInt
     /tmp/ccapKA5X.s:53     .text.USB_DisableGlobalInt:0000000000000000 $t
     /tmp/ccapKA5X.s:60     .text.USB_DisableGlobalInt:0000000000000000 USB_DisableGlobalInt
     /tmp/ccapKA5X.s:73     .text.USB_SetCurrentMode:0000000000000000 $t
     /tmp/ccapKA5X.s:80     .text.USB_SetCurrentMode:0000000000000000 USB_SetCurrentMode
     /tmp/ccapKA5X.s:88     .text.USB_DevInit:0000000000000000 $t
     /tmp/ccapKA5X.s:95     .text.USB_DevInit:0000000000000000 USB_DevInit
     /tmp/ccapKA5X.s:114    .text.USB_FlushTxFifo:0000000000000000 $t
     /tmp/ccapKA5X.s:121    .text.USB_FlushTxFifo:0000000000000000 USB_FlushTxFifo
     /tmp/ccapKA5X.s:129    .text.USB_FlushRxFifo:0000000000000000 $t
     /tmp/ccapKA5X.s:136    .text.USB_FlushRxFifo:0000000000000000 USB_FlushRxFifo
     /tmp/ccapKA5X.s:144    .text.USB_ActivateEndpoint:0000000000000000 $t
     /tmp/ccapKA5X.s:151    .text.USB_ActivateEndpoint:0000000000000000 USB_ActivateEndpoint
     /tmp/ccapKA5X.s:167    .text.USB_ActivateEndpoint:0000000000000020 $d
     /tmp/ccapKA5X.s:171    .text.USB_ActivateEndpoint:0000000000000024 $t
     /tmp/ccapKA5X.s:393    .text.USB_ActivateEndpoint:000000000000026c $d
     /tmp/ccapKA5X.s:398    .text.USB_DeactivateEndpoint:0000000000000000 $t
     /tmp/ccapKA5X.s:405    .text.USB_DeactivateEndpoint:0000000000000000 USB_DeactivateEndpoint
     /tmp/ccapKA5X.s:553    .text.USB_EPSetStall:0000000000000000 $t
     /tmp/ccapKA5X.s:560    .text.USB_EPSetStall:0000000000000000 USB_EPSetStall
     /tmp/ccapKA5X.s:589    .text.USB_EPClearStall:0000000000000000 $t
     /tmp/ccapKA5X.s:596    .text.USB_EPClearStall:0000000000000000 USB_EPClearStall
     /tmp/ccapKA5X.s:655    .text.USB_StopDevice:0000000000000000 $t
     /tmp/ccapKA5X.s:662    .text.USB_StopDevice:0000000000000000 USB_StopDevice
     /tmp/ccapKA5X.s:676    .text.USB_SetDevAddress:0000000000000000 $t
     /tmp/ccapKA5X.s:683    .text.USB_SetDevAddress:0000000000000000 USB_SetDevAddress
     /tmp/ccapKA5X.s:695    .text.USB_DevConnect:0000000000000000 $t
     /tmp/ccapKA5X.s:702    .text.USB_DevConnect:0000000000000000 USB_DevConnect
     /tmp/ccapKA5X.s:710    .text.USB_DevDisconnect:0000000000000000 $t
     /tmp/ccapKA5X.s:717    .text.USB_DevDisconnect:0000000000000000 USB_DevDisconnect
     /tmp/ccapKA5X.s:725    .text.USB_ReadInterrupts:0000000000000000 $t
     /tmp/ccapKA5X.s:732    .text.USB_ReadInterrupts:0000000000000000 USB_ReadInterrupts
     /tmp/ccapKA5X.s:741    .text.USB_ReadDevAllOutEpInterrupt:0000000000000000 $t
     /tmp/ccapKA5X.s:748    .text.USB_ReadDevAllOutEpInterrupt:0000000000000000 USB_ReadDevAllOutEpInterrupt
     /tmp/ccapKA5X.s:756    .text.USB_ReadDevAllInEpInterrupt:0000000000000000 $t
     /tmp/ccapKA5X.s:763    .text.USB_ReadDevAllInEpInterrupt:0000000000000000 USB_ReadDevAllInEpInterrupt
     /tmp/ccapKA5X.s:771    .text.USB_ReadDevOutEPInterrupt:0000000000000000 $t
     /tmp/ccapKA5X.s:778    .text.USB_ReadDevOutEPInterrupt:0000000000000000 USB_ReadDevOutEPInterrupt
     /tmp/ccapKA5X.s:786    .text.USB_ReadDevInEPInterrupt:0000000000000000 $t
     /tmp/ccapKA5X.s:793    .text.USB_ReadDevInEPInterrupt:0000000000000000 USB_ReadDevInEPInterrupt
     /tmp/ccapKA5X.s:801    .text.USB_ClearInterrupts:0000000000000000 $t
     /tmp/ccapKA5X.s:808    .text.USB_ClearInterrupts:0000000000000000 USB_ClearInterrupts
     /tmp/ccapKA5X.s:815    .text.USB_EP0_OutStart:0000000000000000 $t
     /tmp/ccapKA5X.s:822    .text.USB_EP0_OutStart:0000000000000000 USB_EP0_OutStart
     /tmp/ccapKA5X.s:830    .text.USB_ActivateRemoteWakeup:0000000000000000 $t
     /tmp/ccapKA5X.s:837    .text.USB_ActivateRemoteWakeup:0000000000000000 USB_ActivateRemoteWakeup
     /tmp/ccapKA5X.s:849    .text.USB_DeActivateRemoteWakeup:0000000000000000 $t
     /tmp/ccapKA5X.s:856    .text.USB_DeActivateRemoteWakeup:0000000000000000 USB_DeActivateRemoteWakeup
     /tmp/ccapKA5X.s:869    .text.USB_WritePMA:0000000000000000 $t
     /tmp/ccapKA5X.s:876    .text.USB_WritePMA:0000000000000000 USB_WritePMA
     /tmp/ccapKA5X.s:895    .text.USB_EPStartXfer:0000000000000000 $t
     /tmp/ccapKA5X.s:902    .text.USB_EPStartXfer:0000000000000000 USB_EPStartXfer
ARM GAS  /tmp/ccapKA5X.s 			page 28


     /tmp/ccapKA5X.s:1276   .text.USB_EPStartXfer:000000000000036c $d
     /tmp/ccapKA5X.s:1278   .text.USB_EPStartXfer:0000000000000370 $t
     /tmp/ccapKA5X.s:1468   .text.USB_EPStartXfer:0000000000000518 $d
     /tmp/ccapKA5X.s:1471   .text.USB_ReadPMA:0000000000000000 $t
     /tmp/ccapKA5X.s:1478   .text.USB_ReadPMA:0000000000000000 USB_ReadPMA

NO UNDEFINED SYMBOLS
