ARM GAS  /tmp/ccByoyaV.s 			page 1


   1              		.cpu cortex-m3
   2              		.eabi_attribute 20, 1
   3              		.eabi_attribute 21, 1
   4              		.eabi_attribute 23, 3
   5              		.eabi_attribute 24, 1
   6              		.eabi_attribute 25, 1
   7              		.eabi_attribute 26, 1
   8              		.eabi_attribute 30, 4
   9              		.eabi_attribute 34, 1
  10              		.eabi_attribute 18, 4
  11              		.file	"sys.c"
  12              		.text
  13              		.section	.text.sys_init,"ax",%progbits
  14              		.align	1
  15              		.global	sys_init
  16              		.arch armv7-m
  17              		.syntax unified
  18              		.thumb
  19              		.thumb_func
  20              		.fpu softvfp
  22              	sys_init:
  23              		@ args = 0, pretend = 0, frame = 0
  24              		@ frame_needed = 0, uses_anonymous_args = 0
  25              		@ link register save eliminated.
  26 0000 0F4A     		ldr	r2, .L2
  27 0002 1048     		ldr	r0, .L2+4
  28 0004 1368     		ldr	r3, [r2]
  29 0006 43F01003 		orr	r3, r3, #16
  30 000a 1360     		str	r3, [r2]
  31 000c 0E4B     		ldr	r3, .L2+8
  32 000e DA69     		ldr	r2, [r3, #28]
  33 0010 42F08052 		orr	r2, r2, #268435456
  34 0014 DA61     		str	r2, [r3, #28]
  35 0016 C168     		ldr	r1, [r0, #12]
  36 0018 0C4A     		ldr	r2, .L2+12
  37 001a 21F4E061 		bic	r1, r1, #1792
  38 001e 0904     		lsls	r1, r1, #16
  39 0020 090C     		lsrs	r1, r1, #16
  40 0022 0A43     		orrs	r2, r2, r1
  41 0024 C260     		str	r2, [r0, #12]
  42 0026 9A69     		ldr	r2, [r3, #24]
  43 0028 42F00102 		orr	r2, r2, #1
  44 002c 9A61     		str	r2, [r3, #24]
  45 002e 084A     		ldr	r2, .L2+16
  46 0030 5368     		ldr	r3, [r2, #4]
  47 0032 23F0E063 		bic	r3, r3, #117440512
  48 0036 43F00073 		orr	r3, r3, #33554432
  49 003a 5360     		str	r3, [r2, #4]
  50 003c 7047     		bx	lr
  51              	.L3:
  52 003e 00BF     		.align	2
  53              	.L2:
  54 0040 00200240 		.word	1073881088
  55 0044 00ED00E0 		.word	-536810240
  56 0048 00100240 		.word	1073876992
  57 004c 0003FA05 		.word	100270848
  58 0050 00000140 		.word	1073807360
ARM GAS  /tmp/ccByoyaV.s 			page 2


  60              		.section	.text.sys_clock_config,"ax",%progbits
  61              		.align	1
  62              		.global	sys_clock_config
  63              		.syntax unified
  64              		.thumb
  65              		.thumb_func
  66              		.fpu softvfp
  68              	sys_clock_config:
  69              		@ args = 0, pretend = 0, frame = 0
  70              		@ frame_needed = 0, uses_anonymous_args = 0
  71 0000 244A     		ldr	r2, .L15
  72 0002 10B5     		push	{r4, lr}
  73 0004 1368     		ldr	r3, [r2]
  74 0006 23F00703 		bic	r3, r3, #7
  75 000a 43F00203 		orr	r3, r3, #2
  76 000e 1360     		str	r3, [r2]
  77              	.L5:
  78 0010 1368     		ldr	r3, [r2]
  79 0012 03F00703 		and	r3, r3, #7
  80 0016 022B     		cmp	r3, #2
  81 0018 FAD1     		bne	.L5
  82 001a 1F4C     		ldr	r4, .L15+4
  83 001c 2368     		ldr	r3, [r4]
  84 001e 43F48033 		orr	r3, r3, #65536
  85 0022 2360     		str	r3, [r4]
  86              	.L6:
  87 0024 2368     		ldr	r3, [r4]
  88 0026 9A03     		lsls	r2, r3, #14
  89 0028 FCD5     		bpl	.L6
  90 002a 6368     		ldr	r3, [r4, #4]
  91 002c 1B4A     		ldr	r2, .L15+8
  92 002e 23F47C13 		bic	r3, r3, #4128768
  93 0032 43F4E813 		orr	r3, r3, #1900544
  94 0036 6360     		str	r3, [r4, #4]
  95 0038 2368     		ldr	r3, [r4]
  96 003a 43F08073 		orr	r3, r3, #16777216
  97 003e 2360     		str	r3, [r4]
  98 0040 1368     		ldr	r3, [r2]
  99 0042 43F48073 		orr	r3, r3, #256
 100 0046 1360     		str	r3, [r2]
 101              	.L7:
 102 0048 2368     		ldr	r3, [r4]
 103 004a 9B01     		lsls	r3, r3, #6
 104 004c FCD5     		bpl	.L7
 105 004e 6368     		ldr	r3, [r4, #4]
 106 0050 23F0F003 		bic	r3, r3, #240
 107 0054 6360     		str	r3, [r4, #4]
 108 0056 6368     		ldr	r3, [r4, #4]
 109 0058 23F4E063 		bic	r3, r3, #1792
 110 005c 43F48063 		orr	r3, r3, #1024
 111 0060 6360     		str	r3, [r4, #4]
 112 0062 6368     		ldr	r3, [r4, #4]
 113 0064 23F46053 		bic	r3, r3, #14336
 114 0068 6360     		str	r3, [r4, #4]
 115 006a 6368     		ldr	r3, [r4, #4]
 116 006c 23F00303 		bic	r3, r3, #3
 117 0070 43F00203 		orr	r3, r3, #2
ARM GAS  /tmp/ccByoyaV.s 			page 3


 118 0074 6360     		str	r3, [r4, #4]
 119              	.L8:
 120 0076 6368     		ldr	r3, [r4, #4]
 121 0078 03F00C03 		and	r3, r3, #12
 122 007c 082B     		cmp	r3, #8
 123 007e FAD1     		bne	.L8
 124 0080 0748     		ldr	r0, .L15+12
 125 0082 FFF7FEFF 		bl	LL_SetSystemCoreClock
 126 0086 6368     		ldr	r3, [r4, #4]
 127 0088 23F44043 		bic	r3, r3, #49152
 128 008c 43F40043 		orr	r3, r3, #32768
 129 0090 6360     		str	r3, [r4, #4]
 130 0092 10BD     		pop	{r4, pc}
 131              	.L16:
 132              		.align	2
 133              	.L15:
 134 0094 00200240 		.word	1073881088
 135 0098 00100240 		.word	1073876992
 136 009c 00700040 		.word	1073770496
 137 00a0 00A24A04 		.word	72000000
 139              		.section	.text.sys_usb_clock_config,"ax",%progbits
 140              		.align	1
 141              		.global	sys_usb_clock_config
 142              		.syntax unified
 143              		.thumb
 144              		.thumb_func
 145              		.fpu softvfp
 147              	sys_usb_clock_config:
 148              		@ args = 0, pretend = 0, frame = 0
 149              		@ frame_needed = 0, uses_anonymous_args = 0
 150              		@ link register save eliminated.
 151 0000 024A     		ldr	r2, .L18
 152 0002 5368     		ldr	r3, [r2, #4]
 153 0004 23F48003 		bic	r3, r3, #4194304
 154 0008 5360     		str	r3, [r2, #4]
 155 000a 7047     		bx	lr
 156              	.L19:
 157              		.align	2
 158              	.L18:
 159 000c 00100240 		.word	1073876992
 161              		.section	.text.sys_flash_size,"ax",%progbits
 162              		.align	1
 163              		.global	sys_flash_size
 164              		.syntax unified
 165              		.thumb
 166              		.thumb_func
 167              		.fpu softvfp
 169              	sys_flash_size:
 170              		@ args = 0, pretend = 0, frame = 0
 171              		@ frame_needed = 0, uses_anonymous_args = 0
 172              		@ link register save eliminated.
 173 0000 014B     		ldr	r3, .L21
 174 0002 B3F8E007 		ldrh	r0, [r3, #2016]
 175 0006 7047     		bx	lr
 176              	.L22:
 177              		.align	2
 178              	.L21:
ARM GAS  /tmp/ccByoyaV.s 			page 4


 179 0008 00F0FF1F 		.word	536866816
 181              		.ident	"GCC: (15:10.3-2021.07-4) 10.3.1 20210621 (release)"
ARM GAS  /tmp/ccByoyaV.s 			page 5


DEFINED SYMBOLS
                            *ABS*:0000000000000000 sys.c
     /tmp/ccByoyaV.s:14     .text.sys_init:0000000000000000 $t
     /tmp/ccByoyaV.s:22     .text.sys_init:0000000000000000 sys_init
     /tmp/ccByoyaV.s:54     .text.sys_init:0000000000000040 $d
     /tmp/ccByoyaV.s:61     .text.sys_clock_config:0000000000000000 $t
     /tmp/ccByoyaV.s:68     .text.sys_clock_config:0000000000000000 sys_clock_config
     /tmp/ccByoyaV.s:134    .text.sys_clock_config:0000000000000094 $d
     /tmp/ccByoyaV.s:140    .text.sys_usb_clock_config:0000000000000000 $t
     /tmp/ccByoyaV.s:147    .text.sys_usb_clock_config:0000000000000000 sys_usb_clock_config
     /tmp/ccByoyaV.s:159    .text.sys_usb_clock_config:000000000000000c $d
     /tmp/ccByoyaV.s:162    .text.sys_flash_size:0000000000000000 $t
     /tmp/ccByoyaV.s:169    .text.sys_flash_size:0000000000000000 sys_flash_size
     /tmp/ccByoyaV.s:179    .text.sys_flash_size:0000000000000008 $d

UNDEFINED SYMBOLS
LL_SetSystemCoreClock
