ARM GAS  /tmp/ccGtaZBr.s 			page 1


   1              		.cpu cortex-m3
   2              		.eabi_attribute 20, 1
   3              		.eabi_attribute 21, 1
   4              		.eabi_attribute 23, 3
   5              		.eabi_attribute 24, 1
   6              		.eabi_attribute 25, 1
   7              		.eabi_attribute 26, 1
   8              		.eabi_attribute 30, 4
   9              		.eabi_attribute 34, 1
  10              		.eabi_attribute 18, 4
  11              		.file	"util.c"
  12              		.text
  13              		.section	.text._hex_to_bin,"ax",%progbits
  14              		.align	1
  15              		.arch armv7-m
  16              		.syntax unified
  17              		.thumb
  18              		.thumb_func
  19              		.fpu softvfp
  21              	_hex_to_bin:
  22              		@ args = 0, pretend = 0, frame = 0
  23              		@ frame_needed = 0, uses_anonymous_args = 0
  24              		@ link register save eliminated.
  25 0000 0346     		mov	r3, r0
  26 0002 3038     		subs	r0, r0, #48
  27 0004 C2B2     		uxtb	r2, r0
  28 0006 092A     		cmp	r2, #9
  29 0008 0FD9     		bls	.L1
  30 000a A3F16102 		sub	r2, r3, #97
  31 000e 052A     		cmp	r2, #5
  32 0010 02D8     		bhi	.L4
  33 0012 A3F15700 		sub	r0, r3, #87
  34 0016 7047     		bx	lr
  35              	.L4:
  36 0018 A3F14102 		sub	r2, r3, #65
  37 001c 052A     		cmp	r2, #5
  38 001e 02D8     		bhi	.L5
  39 0020 A3F13700 		sub	r0, r3, #55
  40 0024 7047     		bx	lr
  41              	.L5:
  42 0026 4FF0FF30 		mov	r0, #-1
  43              	.L1:
  44 002a 7047     		bx	lr
  46              		.section	.text.lsqrt,"ax",%progbits
  47              		.align	1
  48              		.global	lsqrt
  49              		.syntax unified
  50              		.thumb
  51              		.thumb_func
  52              		.fpu softvfp
  54              	lsqrt:
  55              		@ args = 0, pretend = 0, frame = 0
  56              		@ frame_needed = 0, uses_anonymous_args = 0
  57              		@ link register save eliminated.
  58 0000 0146     		mov	r1, r0
  59 0002 0423     		movs	r3, #4
  60 0004 1022     		movs	r2, #16
ARM GAS  /tmp/ccGtaZBr.s 			page 2


  61              	.L10:
  62 0006 8A42     		cmp	r2, r1
  63 0008 0DD3     		bcc	.L7
  64              	.L9:
  65 000a 0122     		movs	r2, #1
  66 000c 5B10     		asrs	r3, r3, #1
  67 000e 02FA03F3 		lsl	r3, r2, r3
  68              	.L8:
  69 0012 B1FBF3F2 		udiv	r2, r1, r3
  70 0016 1846     		mov	r0, r3
  71 0018 1A44     		add	r2, r2, r3
  72 001a B0EB520F 		cmp	r0, r2, lsr #1
  73 001e 4FEA5203 		lsr	r3, r2, #1
  74 0022 F6DC     		bgt	.L8
  75 0024 7047     		bx	lr
  76              	.L7:
  77 0026 0233     		adds	r3, r3, #2
  78 0028 202B     		cmp	r3, #32
  79 002a 4FEA8202 		lsl	r2, r2, #2
  80 002e EAD1     		bne	.L10
  81 0030 EBE7     		b	.L9
  83              		.section	.text.strnicmp,"ax",%progbits
  84              		.align	1
  85              		.global	strnicmp
  86              		.syntax unified
  87              		.thumb
  88              		.thumb_func
  89              		.fpu softvfp
  91              	strnicmp:
  92              		@ args = 0, pretend = 0, frame = 0
  93              		@ frame_needed = 0, uses_anonymous_args = 0
  94 0000 30B5     		push	{r4, r5, lr}
  95 0002 0139     		subs	r1, r1, #1
  96 0004 441E     		subs	r4, r0, #1
  97              	.L17:
  98 0006 0AB9     		cbnz	r2, .L24
  99 0008 1046     		mov	r0, r2
 100 000a 18E0     		b	.L19
 101              	.L24:
 102 000c 14F8010F 		ldrb	r0, [r4, #1]!	@ zero_extendqisi2
 103 0010 11F8013F 		ldrb	r3, [r1, #1]!	@ zero_extendqisi2
 104 0014 9842     		cmp	r0, r3
 105 0016 03D1     		bne	.L18
 106 0018 88B1     		cbz	r0, .L19
 107              	.L20:
 108 001a 013A     		subs	r2, r2, #1
 109 001c D2B2     		uxtb	r2, r2
 110 001e F2E7     		b	.L17
 111              	.L18:
 112 0020 A0F14105 		sub	r5, r0, #65
 113 0024 192D     		cmp	r5, #25
 114 0026 04D8     		bhi	.L21
 115 0028 00F12005 		add	r5, r0, #32
 116 002c EDB2     		uxtb	r5, r5
 117 002e AB42     		cmp	r3, r5
 118 0030 F3D0     		beq	.L20
 119              	.L21:
ARM GAS  /tmp/ccGtaZBr.s 			page 3


 120 0032 A3F14105 		sub	r5, r3, #65
 121 0036 192D     		cmp	r5, #25
 122 0038 02D9     		bls	.L22
 123              	.L23:
 124 003a C01A     		subs	r0, r0, r3
 125 003c C0B2     		uxtb	r0, r0
 126              	.L19:
 127 003e 30BD     		pop	{r4, r5, pc}
 128              	.L22:
 129 0040 03F12005 		add	r5, r3, #32
 130 0044 EDB2     		uxtb	r5, r5
 131 0046 A842     		cmp	r0, r5
 132 0048 F7D1     		bne	.L23
 133 004a E6E7     		b	.L20
 135              		.section	.text.is_char,"ax",%progbits
 136              		.align	1
 137              		.global	is_char
 138              		.syntax unified
 139              		.thumb
 140              		.thumb_func
 141              		.fpu softvfp
 143              	is_char:
 144              		@ args = 0, pretend = 0, frame = 0
 145              		@ frame_needed = 0, uses_anonymous_args = 0
 146              		@ link register save eliminated.
 147 0000 20F02003 		bic	r3, r0, #32
 148 0004 413B     		subs	r3, r3, #65
 149 0006 192B     		cmp	r3, #25
 150 0008 0AD9     		bls	.L32
 151 000a A0F13003 		sub	r3, r0, #48
 152 000e 092B     		cmp	r3, #9
 153 0010 06D9     		bls	.L32
 154 0012 2A28     		cmp	r0, #42
 155 0014 04D0     		beq	.L32
 156 0016 A0F12303 		sub	r3, r0, #35
 157 001a 5842     		rsbs	r0, r3, #0
 158 001c 5841     		adcs	r0, r0, r3
 159 001e 7047     		bx	lr
 160              	.L32:
 161 0020 0120     		movs	r0, #1
 162 0022 7047     		bx	lr
 164              		.section	.text.is_number,"ax",%progbits
 165              		.align	1
 166              		.global	is_number
 167              		.syntax unified
 168              		.thumb
 169              		.thumb_func
 170              		.fpu softvfp
 172              	is_number:
 173              		@ args = 0, pretend = 0, frame = 0
 174              		@ frame_needed = 0, uses_anonymous_args = 0
 175              		@ link register save eliminated.
 176 0000 0246     		mov	r2, r0
 177 0002 0020     		movs	r0, #0
 178              	.L34:
 179 0004 8842     		cmp	r0, r1
 180 0006 08DA     		bge	.L33
ARM GAS  /tmp/ccGtaZBr.s 			page 4


 181 0008 135C     		ldrb	r3, [r2, r0]	@ zero_extendqisi2
 182 000a 03B9     		cbnz	r3, .L36
 183 000c 7047     		bx	lr
 184              	.L36:
 185 000e 303B     		subs	r3, r3, #48
 186 0010 092B     		cmp	r3, #9
 187 0012 01D8     		bhi	.L37
 188 0014 0130     		adds	r0, r0, #1
 189 0016 F5E7     		b	.L34
 190              	.L37:
 191 0018 0020     		movs	r0, #0
 192              	.L33:
 193 001a 7047     		bx	lr
 195              		.section	.text.is_hex,"ax",%progbits
 196              		.align	1
 197              		.global	is_hex
 198              		.syntax unified
 199              		.thumb
 200              		.thumb_func
 201              		.fpu softvfp
 203              	is_hex:
 204              		@ args = 0, pretend = 0, frame = 0
 205              		@ frame_needed = 0, uses_anonymous_args = 0
 206 0000 08B5     		push	{r3, lr}
 207 0002 FFF7FEFF 		bl	_hex_to_bin
 208 0006 C043     		mvns	r0, r0
 209 0008 C00F     		lsrs	r0, r0, #31
 210 000a 08BD     		pop	{r3, pc}
 212              		.section	.text.hex_to_bin,"ax",%progbits
 213              		.align	1
 214              		.global	hex_to_bin
 215              		.syntax unified
 216              		.thumb
 217              		.thumb_func
 218              		.fpu softvfp
 220              	hex_to_bin:
 221              		@ args = 0, pretend = 0, frame = 0
 222              		@ frame_needed = 0, uses_anonymous_args = 0
 223 0000 F8B5     		push	{r3, r4, r5, r6, r7, lr}
 224 0002 0546     		mov	r5, r0
 225 0004 1646     		mov	r6, r2
 226 0006 0027     		movs	r7, #0
 227 0008 0231     		adds	r1, r1, #2
 228              	.L41:
 229 000a B742     		cmp	r7, r6
 230 000c 01DB     		blt	.L44
 231              	.L40:
 232 000e 3846     		mov	r0, r7
 233 0010 F8BD     		pop	{r3, r4, r5, r6, r7, pc}
 234              	.L44:
 235 0012 11F8020C 		ldrb	r0, [r1, #-2]	@ zero_extendqisi2
 236 0016 FFF7FEFF 		bl	_hex_to_bin
 237 001a 041E     		subs	r4, r0, #0
 238 001c F7DB     		blt	.L40
 239 001e 11F8010C 		ldrb	r0, [r1, #-1]	@ zero_extendqisi2
 240 0022 FFF7FEFF 		bl	_hex_to_bin
 241 0026 2401     		lsls	r4, r4, #4
ARM GAS  /tmp/ccGtaZBr.s 			page 5


 242 0028 0028     		cmp	r0, #0
 243 002a E4B2     		uxtb	r4, r4
 244 002c 01F10201 		add	r1, r1, #2
 245 0030 EDDB     		blt	.L40
 246 0032 0443     		orrs	r4, r4, r0
 247 0034 EC55     		strb	r4, [r5, r7]
 248 0036 0137     		adds	r7, r7, #1
 249 0038 E7E7     		b	.L41
 251              		.ident	"GCC: (15:10.3-2021.07-4) 10.3.1 20210621 (release)"
ARM GAS  /tmp/ccGtaZBr.s 			page 6


DEFINED SYMBOLS
                            *ABS*:0000000000000000 util.c
     /tmp/ccGtaZBr.s:14     .text._hex_to_bin:0000000000000000 $t
     /tmp/ccGtaZBr.s:21     .text._hex_to_bin:0000000000000000 _hex_to_bin
     /tmp/ccGtaZBr.s:47     .text.lsqrt:0000000000000000 $t
     /tmp/ccGtaZBr.s:54     .text.lsqrt:0000000000000000 lsqrt
     /tmp/ccGtaZBr.s:84     .text.strnicmp:0000000000000000 $t
     /tmp/ccGtaZBr.s:91     .text.strnicmp:0000000000000000 strnicmp
     /tmp/ccGtaZBr.s:136    .text.is_char:0000000000000000 $t
     /tmp/ccGtaZBr.s:143    .text.is_char:0000000000000000 is_char
     /tmp/ccGtaZBr.s:165    .text.is_number:0000000000000000 $t
     /tmp/ccGtaZBr.s:172    .text.is_number:0000000000000000 is_number
     /tmp/ccGtaZBr.s:196    .text.is_hex:0000000000000000 $t
     /tmp/ccGtaZBr.s:203    .text.is_hex:0000000000000000 is_hex
     /tmp/ccGtaZBr.s:213    .text.hex_to_bin:0000000000000000 $t
     /tmp/ccGtaZBr.s:220    .text.hex_to_bin:0000000000000000 hex_to_bin

NO UNDEFINED SYMBOLS
