ARM GAS  /tmp/ccdzMelH.s 			page 1


   1              		.cpu cortex-m3
   2              		.eabi_attribute 20, 1
   3              		.eabi_attribute 21, 1
   4              		.eabi_attribute 23, 3
   5              		.eabi_attribute 24, 1
   6              		.eabi_attribute 25, 1
   7              		.eabi_attribute 26, 1
   8              		.eabi_attribute 30, 4
   9              		.eabi_attribute 34, 1
  10              		.eabi_attribute 18, 4
  11              		.file	"wd.c"
  12              		.text
  13              		.section	.text.wd_init,"ax",%progbits
  14              		.align	1
  15              		.global	wd_init
  16              		.arch armv7-m
  17              		.syntax unified
  18              		.thumb
  19              		.thumb_func
  20              		.fpu softvfp
  22              	wd_init:
  23              		@ args = 0, pretend = 0, frame = 0
  24              		@ frame_needed = 0, uses_anonymous_args = 0
  25              		@ link register save eliminated.
  26 0000 7047     		bx	lr
  28              		.section	.text.wd_run,"ax",%progbits
  29              		.align	1
  30              		.global	wd_run
  31              		.syntax unified
  32              		.thumb
  33              		.thumb_func
  34              		.fpu softvfp
  36              	wd_run:
  37              		@ args = 0, pretend = 0, frame = 0
  38              		@ frame_needed = 0, uses_anonymous_args = 0
  39              		@ link register save eliminated.
  40 0000 4CF6CC42 		movw	r2, #52428
  41 0004 084B     		ldr	r3, .L5
  42 0006 1A60     		str	r2, [r3]
  43 0008 45F25552 		movw	r2, #21845
  44 000c 1A60     		str	r2, [r3]
  45 000e 0622     		movs	r2, #6
  46 0010 5A60     		str	r2, [r3, #4]
  47 0012 4FF49672 		mov	r2, #300
  48 0016 9A60     		str	r2, [r3, #8]
  49              	.L3:
  50 0018 DA68     		ldr	r2, [r3, #12]
  51 001a 002A     		cmp	r2, #0
  52 001c FCD1     		bne	.L3
  53 001e 4AF6AA22 		movw	r2, #43690
  54 0022 1A60     		str	r2, [r3]
  55 0024 7047     		bx	lr
  56              	.L6:
  57 0026 00BF     		.align	2
  58              	.L5:
  59 0028 00300040 		.word	1073754112
  61              		.section	.text.wd_reset,"ax",%progbits
ARM GAS  /tmp/ccdzMelH.s 			page 2


  62              		.align	1
  63              		.global	wd_reset
  64              		.syntax unified
  65              		.thumb
  66              		.thumb_func
  67              		.fpu softvfp
  69              	wd_reset:
  70              		@ Volatile: function does not return.
  71              		@ args = 0, pretend = 0, frame = 0
  72              		@ frame_needed = 0, uses_anonymous_args = 0
  73              		@ link register save eliminated.
  74 0000 0E4B     		ldr	r3, .L11
  75 0002 0F49     		ldr	r1, .L11+4
  76 0004 DA69     		ldr	r2, [r3, #28]
  77 0006 42F00062 		orr	r2, r2, #134217728
  78 000a DA61     		str	r2, [r3, #28]
  79 000c 4BF29802 		movw	r2, #45208
  80 0010 8A60     		str	r2, [r1, #8]
  81 0012 DA69     		ldr	r2, [r3, #28]
  82 0014 42F00062 		orr	r2, r2, #134217728
  83 0018 DA61     		str	r2, [r3, #28]
  84 001a 45F25552 		movw	r2, #21845
  85 001e A3F5F033 		sub	r3, r3, #122880
  86 0022 4860     		str	r0, [r1, #4]
  87 0024 1A60     		str	r2, [r3]
  88 0026 0122     		movs	r2, #1
  89 0028 5A60     		str	r2, [r3, #4]
  90 002a 9A60     		str	r2, [r3, #8]
  91              	.L8:
  92 002c DA68     		ldr	r2, [r3, #12]
  93 002e 002A     		cmp	r2, #0
  94 0030 FCD1     		bne	.L8
  95 0032 4AF6AA22 		movw	r2, #43690
  96 0036 1A60     		str	r2, [r3]
  97              	.L9:
  98 0038 FEE7     		b	.L9
  99              	.L12:
 100 003a 00BF     		.align	2
 101              	.L11:
 102 003c 00100240 		.word	1073876992
 103 0040 006C0040 		.word	1073769472
 105              		.section	.text.wd_disable,"ax",%progbits
 106              		.align	1
 107              		.global	wd_disable
 108              		.syntax unified
 109              		.thumb
 110              		.thumb_func
 111              		.fpu softvfp
 113              	wd_disable:
 114              		@ args = 0, pretend = 0, frame = 0
 115              		@ frame_needed = 0, uses_anonymous_args = 0
 116              		@ link register save eliminated.
 117 0000 0022     		movs	r2, #0
 118 0002 014B     		ldr	r3, .L14
 119 0004 1A70     		strb	r2, [r3]
 120 0006 7047     		bx	lr
 121              	.L15:
ARM GAS  /tmp/ccdzMelH.s 			page 3


 122              		.align	2
 123              	.L14:
 124 0008 00000000 		.word	.LANCHOR0
 126              		.section	.text.wd_feed,"ax",%progbits
 127              		.align	1
 128              		.global	wd_feed
 129              		.syntax unified
 130              		.thumb
 131              		.thumb_func
 132              		.fpu softvfp
 134              	wd_feed:
 135              		@ args = 0, pretend = 0, frame = 0
 136              		@ frame_needed = 0, uses_anonymous_args = 0
 137              		@ link register save eliminated.
 138 0000 034B     		ldr	r3, .L21
 139 0002 1B78     		ldrb	r3, [r3]	@ zero_extendqisi2
 140 0004 1BB1     		cbz	r3, .L16
 141 0006 4AF6AA22 		movw	r2, #43690
 142 000a 024B     		ldr	r3, .L21+4
 143 000c 1A60     		str	r2, [r3]
 144              	.L16:
 145 000e 7047     		bx	lr
 146              	.L22:
 147              		.align	2
 148              	.L21:
 149 0010 00000000 		.word	.LANCHOR0
 150 0014 00300040 		.word	1073754112
 152              		.section	.data._wd_clr_enable,"aw"
 153              		.set	.LANCHOR0,. + 0
 156              	_wd_clr_enable:
 157 0000 01       		.byte	1
 158              		.ident	"GCC: (15:10.3-2021.07-4) 10.3.1 20210621 (release)"
ARM GAS  /tmp/ccdzMelH.s 			page 4


DEFINED SYMBOLS
                            *ABS*:0000000000000000 wd.c
     /tmp/ccdzMelH.s:14     .text.wd_init:0000000000000000 $t
     /tmp/ccdzMelH.s:22     .text.wd_init:0000000000000000 wd_init
     /tmp/ccdzMelH.s:29     .text.wd_run:0000000000000000 $t
     /tmp/ccdzMelH.s:36     .text.wd_run:0000000000000000 wd_run
     /tmp/ccdzMelH.s:59     .text.wd_run:0000000000000028 $d
     /tmp/ccdzMelH.s:62     .text.wd_reset:0000000000000000 $t
     /tmp/ccdzMelH.s:69     .text.wd_reset:0000000000000000 wd_reset
     /tmp/ccdzMelH.s:102    .text.wd_reset:000000000000003c $d
     /tmp/ccdzMelH.s:106    .text.wd_disable:0000000000000000 $t
     /tmp/ccdzMelH.s:113    .text.wd_disable:0000000000000000 wd_disable
     /tmp/ccdzMelH.s:124    .text.wd_disable:0000000000000008 $d
     /tmp/ccdzMelH.s:127    .text.wd_feed:0000000000000000 $t
     /tmp/ccdzMelH.s:134    .text.wd_feed:0000000000000000 wd_feed
     /tmp/ccdzMelH.s:149    .text.wd_feed:0000000000000010 $d
     /tmp/ccdzMelH.s:156    .data._wd_clr_enable:0000000000000000 _wd_clr_enable

NO UNDEFINED SYMBOLS
